  [1m[35m (0.6ms)[0m  [1m[34mSELECT sqlite_version(*)[0m
  [1m[35m (0.0ms)[0m  [1m[34mSELECT sqlite_version(*)[0m
  [1m[35m (0.2ms)[0m  [1m[34mSELECT sqlite_version(*)[0m
  [1m[35m (10.2ms)[0m  [1m[35mCREATE TABLE "schema_migrations" ("version" varchar NOT NULL PRIMARY KEY)[0m
  [1m[35m (9.1ms)[0m  [1m[35mCREATE TABLE "ar_internal_metadata" ("key" varchar NOT NULL PRIMARY KEY, "value" varchar, "created_at" datetime(6) NOT NULL, "updated_at" datetime(6) NOT NULL)[0m
  [1m[35m (0.2ms)[0m  [1m[34mSELECT "schema_migrations"."version" FROM "schema_migrations" ORDER BY "schema_migrations"."version" ASC[0m
Migrating to CreateGardens (20200212161027)
  [1m[35m (0.1ms)[0m  [1m[36mbegin transaction[0m
  [1m[35m (0.3ms)[0m  [1m[35mCREATE TABLE "gardens" ("id" integer PRIMARY KEY AUTOINCREMENT NOT NULL, "name" varchar, "banner_url" varchar, "created_at" datetime(6) NOT NULL, "updated_at" datetime(6) NOT NULL)[0m
  [1m[36mprimary::SchemaMigration Create (0.1ms)[0m  [1m[32mINSERT INTO "schema_migrations" ("version") VALUES (?)[0m  [["version", "20200212161027"]]
  [1m[35m (10.6ms)[0m  [1m[36mcommit transaction[0m
Migrating to CreatePlants (20200212162104)
  [1m[35m (0.0ms)[0m  [1m[36mbegin transaction[0m
  [1m[35m (0.2ms)[0m  [1m[35mCREATE TABLE "plants" ("id" integer PRIMARY KEY AUTOINCREMENT NOT NULL, "name" varchar, "image_url" varchar, "garden_id" integer NOT NULL, "created_at" datetime(6) NOT NULL, "updated_at" datetime(6) NOT NULL, CONSTRAINT "fk_rails_2c5194e718"
FOREIGN KEY ("garden_id")
  REFERENCES "gardens" ("id")
)[0m
  [1m[35m (0.1ms)[0m  [1m[35mCREATE  INDEX "index_plants_on_garden_id" ON "plants" ("garden_id")[0m
  [1m[36mprimary::SchemaMigration Create (0.1ms)[0m  [1m[32mINSERT INTO "schema_migrations" ("version") VALUES (?)[0m  [["version", "20200212162104"]]
  [1m[35m (8.9ms)[0m  [1m[36mcommit transaction[0m
  [1m[36mActiveRecord::InternalMetadata Load (0.1ms)[0m  [1m[34mSELECT "ar_internal_metadata".* FROM "ar_internal_metadata" WHERE "ar_internal_metadata"."key" = ? LIMIT ?[0m  [["key", "environment"], ["LIMIT", 1]]
  [1m[35m (0.0ms)[0m  [1m[36mbegin transaction[0m
  [1m[36mActiveRecord::InternalMetadata Create (0.1ms)[0m  [1m[32mINSERT INTO "ar_internal_metadata" ("key", "value", "created_at", "updated_at") VALUES (?, ?, ?, ?)[0m  [["key", "environment"], ["value", "development"], ["created_at", "2020-10-16 11:35:19.267177"], ["updated_at", "2020-10-16 11:35:19.267177"]]
  [1m[35m (7.4ms)[0m  [1m[36mcommit transaction[0m
  [1m[35m (0.0ms)[0m  [1m[34mSELECT sqlite_version(*)[0m
  [1m[35m (0.1ms)[0m  [1m[34mSELECT "schema_migrations"."version" FROM "schema_migrations" ORDER BY "schema_migrations"."version" ASC[0m
  [1m[35m (1.0ms)[0m  [1m[34mSELECT sqlite_version(*)[0m
  [1m[35m (0.1ms)[0m  [1m[34mSELECT "schema_migrations"."version" FROM "schema_migrations" ORDER BY "schema_migrations"."version" ASC[0m
  [1m[35m (0.1ms)[0m  [1m[34mSELECT "ar_internal_metadata"."value" FROM "ar_internal_metadata" WHERE "ar_internal_metadata"."key" = ?[0m  [["key", "environment"]]
  [1m[35m (0.0ms)[0m  [1m[34mSELECT "schema_migrations"."version" FROM "schema_migrations" ORDER BY "schema_migrations"."version" ASC[0m
  [1m[35m (0.0ms)[0m  [1m[34mSELECT "ar_internal_metadata"."value" FROM "ar_internal_metadata" WHERE "ar_internal_metadata"."key" = ?[0m  [["key", "environment"]]
  [1m[35m (0.0ms)[0m  [1m[34mSELECT "schema_migrations"."version" FROM "schema_migrations" ORDER BY "schema_migrations"."version" ASC[0m
  [1m[35m (0.0ms)[0m  [1m[34mSELECT "ar_internal_metadata"."value" FROM "ar_internal_metadata" WHERE "ar_internal_metadata"."key" = ?[0m  [["key", "environment"]]
  [1m[35m (0.2ms)[0m  [1m[34mSELECT sqlite_version(*)[0m
  [1m[35m (0.1ms)[0m  [1m[34mSELECT sqlite_version(*)[0m
  [1m[35m (0.5ms)[0m  [1m[34mSELECT sqlite_version(*)[0m
  [1m[36mPlant Load (0.6ms)[0m  [1m[34mSELECT "plants".* FROM "plants" LIMIT ?[0m  [["LIMIT", 11]]
  [1m[35m (0.4ms)[0m  [1m[34mSELECT sqlite_version(*)[0m
  [1m[35m (10.4ms)[0m  [1m[35mCREATE TABLE "schema_migrations" ("version" varchar NOT NULL PRIMARY KEY)[0m
  [1m[35m (14.9ms)[0m  [1m[35mCREATE TABLE "ar_internal_metadata" ("key" varchar NOT NULL PRIMARY KEY, "value" varchar, "created_at" datetime(6) NOT NULL, "updated_at" datetime(6) NOT NULL)[0m
  [1m[35m (0.6ms)[0m  [1m[34mSELECT "schema_migrations"."version" FROM "schema_migrations" ORDER BY "schema_migrations"."version" ASC[0m
Migrating to CreateGardens (20200212161027)
  [1m[35m (0.1ms)[0m  [1m[36mbegin transaction[0m
  [1m[35m (0.9ms)[0m  [1m[35mCREATE TABLE "gardens" ("id" integer PRIMARY KEY AUTOINCREMENT NOT NULL, "name" varchar, "banner_url" varchar, "created_at" datetime(6) NOT NULL, "updated_at" datetime(6) NOT NULL)[0m
  [1m[36mprimary::SchemaMigration Create (0.2ms)[0m  [1m[32mINSERT INTO "schema_migrations" ("version") VALUES (?)[0m  [["version", "20200212161027"]]
  [1m[35m (10.3ms)[0m  [1m[36mcommit transaction[0m
Migrating to CreatePlants (20200212162104)
  [1m[35m (0.2ms)[0m  [1m[36mbegin transaction[0m
  [1m[35m (0.5ms)[0m  [1m[35mCREATE TABLE "plants" ("id" integer PRIMARY KEY AUTOINCREMENT NOT NULL, "name" varchar, "image_url" varchar, "garden_id" integer NOT NULL, "created_at" datetime(6) NOT NULL, "updated_at" datetime(6) NOT NULL, CONSTRAINT "fk_rails_2c5194e718"
FOREIGN KEY ("garden_id")
  REFERENCES "gardens" ("id")
)[0m
  [1m[35m (0.3ms)[0m  [1m[35mCREATE  INDEX "index_plants_on_garden_id" ON "plants" ("garden_id")[0m
  [1m[36mprimary::SchemaMigration Create (0.4ms)[0m  [1m[32mINSERT INTO "schema_migrations" ("version") VALUES (?)[0m  [["version", "20200212162104"]]
  [1m[35m (9.1ms)[0m  [1m[36mcommit transaction[0m
Migrating to CreateTags (20201017130745)
  [1m[35m (0.1ms)[0m  [1m[36mbegin transaction[0m
  [1m[35m (1.8ms)[0m  [1m[35mCREATE TABLE "tags" ("id" integer PRIMARY KEY AUTOINCREMENT NOT NULL, "name" varchar, "created_at" datetime(6) NOT NULL, "updated_at" datetime(6) NOT NULL)[0m
  [1m[36mprimary::SchemaMigration Create (0.6ms)[0m  [1m[32mINSERT INTO "schema_migrations" ("version") VALUES (?)[0m  [["version", "20201017130745"]]
  [1m[35m (12.7ms)[0m  [1m[36mcommit transaction[0m
Migrating to CreatePlantTags (20201017130956)
  [1m[35m (0.3ms)[0m  [1m[36mbegin transaction[0m
  [1m[35m (2.1ms)[0m  [1m[35mCREATE TABLE "plant_tags" ("id" integer PRIMARY KEY AUTOINCREMENT NOT NULL, "plant_id" integer NOT NULL, "tag_id" integer NOT NULL, "created_at" datetime(6) NOT NULL, "updated_at" datetime(6) NOT NULL, CONSTRAINT "fk_rails_8edbc814a0"
FOREIGN KEY ("plant_id")
  REFERENCES "plants" ("id")
, CONSTRAINT "fk_rails_987ff6bb63"
FOREIGN KEY ("tag_id")
  REFERENCES "tags" ("id")
)[0m
  [1m[35m (0.3ms)[0m  [1m[35mCREATE  INDEX "index_plant_tags_on_plant_id" ON "plant_tags" ("plant_id")[0m
  [1m[35m (0.2ms)[0m  [1m[35mCREATE  INDEX "index_plant_tags_on_tag_id" ON "plant_tags" ("tag_id")[0m
  [1m[36mprimary::SchemaMigration Create (0.2ms)[0m  [1m[32mINSERT INTO "schema_migrations" ("version") VALUES (?)[0m  [["version", "20201017130956"]]
  [1m[35m (8.9ms)[0m  [1m[36mcommit transaction[0m
  [1m[36mActiveRecord::InternalMetadata Load (0.7ms)[0m  [1m[34mSELECT "ar_internal_metadata".* FROM "ar_internal_metadata" WHERE "ar_internal_metadata"."key" = ? LIMIT ?[0m  [["key", "environment"], ["LIMIT", 1]]
  [1m[35m (0.2ms)[0m  [1m[36mbegin transaction[0m
  [1m[36mActiveRecord::InternalMetadata Create (0.6ms)[0m  [1m[32mINSERT INTO "ar_internal_metadata" ("key", "value", "created_at", "updated_at") VALUES (?, ?, ?, ?)[0m  [["key", "environment"], ["value", "development"], ["created_at", "2020-10-17 13:13:47.686182"], ["updated_at", "2020-10-17 13:13:47.686182"]]
  [1m[35m (12.0ms)[0m  [1m[36mcommit transaction[0m
  [1m[35m (0.2ms)[0m  [1m[34mSELECT sqlite_version(*)[0m
  [1m[35m (0.3ms)[0m  [1m[34mSELECT "schema_migrations"."version" FROM "schema_migrations" ORDER BY "schema_migrations"."version" ASC[0m
  [1m[35m (3.1ms)[0m  [1m[34mSELECT sqlite_version(*)[0m
  [1m[36mPlant Load (0.8ms)[0m  [1m[34mSELECT "plants".* FROM "plants" LIMIT ?[0m  [["LIMIT", 11]]
  [1m[35m (0.7ms)[0m  [1m[34mSELECT sqlite_version(*)[0m
  [1m[35m (0.4ms)[0m  [1m[34mSELECT "schema_migrations"."version" FROM "schema_migrations" ORDER BY "schema_migrations"."version" ASC[0m
  [1m[35m (0.1ms)[0m  [1m[34mSELECT sqlite_version(*)[0m
  [1m[36mGarden Load (0.1ms)[0m  [1m[34mSELECT "gardens".* FROM "gardens"[0m
  [1m[35m (0.1ms)[0m  [1m[36mbegin transaction[0m
  [1m[36mGarden Create (0.4ms)[0m  [1m[32mINSERT INTO "gardens" ("name", "banner_url", "created_at", "updated_at") VALUES (?, ?, ?, ?)[0m  [["name", "My Little Garden"], ["banner_url", "https://raw.githubusercontent.com/lewagon/fullstack-images/master/rails/parks-and-plants/garden_1.jpg"], ["created_at", "2020-10-17 13:16:12.950407"], ["updated_at", "2020-10-17 13:16:12.950407"]]
  [1m[35m (28.7ms)[0m  [1m[36mcommit transaction[0m
  [1m[35m (0.1ms)[0m  [1m[36mbegin transaction[0m
  [1m[36mGarden Create (0.5ms)[0m  [1m[32mINSERT INTO "gardens" ("name", "banner_url", "created_at", "updated_at") VALUES (?, ?, ?, ?)[0m  [["name", "My Other Garden"], ["banner_url", "https://raw.githubusercontent.com/lewagon/fullstack-images/master/rails/parks-and-plants/garden_2.jpg"], ["created_at", "2020-10-17 13:16:12.985380"], ["updated_at", "2020-10-17 13:16:12.985380"]]
  [1m[35m (3.7ms)[0m  [1m[36mcommit transaction[0m
  [1m[35m (0.1ms)[0m  [1m[36mbegin transaction[0m
  [1m[36mPlant Create (0.7ms)[0m  [1m[32mINSERT INTO "plants" ("name", "image_url", "garden_id", "created_at", "updated_at") VALUES (?, ?, ?, ?, ?)[0m  [["name", "Monstera"], ["image_url", "https://raw.githubusercontent.com/lewagon/fullstack-images/master/rails/parks-and-plants/plants/monstera.jpg"], ["garden_id", 1], ["created_at", "2020-10-17 13:16:13.013257"], ["updated_at", "2020-10-17 13:16:13.013257"]]
  [1m[35m (4.4ms)[0m  [1m[36mcommit transaction[0m
  [1m[35m (0.1ms)[0m  [1m[36mbegin transaction[0m
  [1m[36mPlant Create (0.5ms)[0m  [1m[32mINSERT INTO "plants" ("name", "image_url", "garden_id", "created_at", "updated_at") VALUES (?, ?, ?, ?, ?)[0m  [["name", "Philo"], ["image_url", "https://raw.githubusercontent.com/lewagon/fullstack-images/master/rails/parks-and-plants/plants/philo.jpg"], ["garden_id", 1], ["created_at", "2020-10-17 13:16:13.025201"], ["updated_at", "2020-10-17 13:16:13.025201"]]
  [1m[35m (6.1ms)[0m  [1m[36mcommit transaction[0m
  [1m[35m (0.1ms)[0m  [1m[36mbegin transaction[0m
  [1m[36mPlant Create (0.4ms)[0m  [1m[32mINSERT INTO "plants" ("name", "image_url", "garden_id", "created_at", "updated_at") VALUES (?, ?, ?, ?, ?)[0m  [["name", "Dieff"], ["image_url", "https://raw.githubusercontent.com/lewagon/fullstack-images/master/rails/parks-and-plants/plants/dieffenbachia.jpg"], ["garden_id", 2], ["created_at", "2020-10-17 13:16:13.037922"], ["updated_at", "2020-10-17 13:16:13.037922"]]
  [1m[35m (8.1ms)[0m  [1m[36mcommit transaction[0m
  [1m[36mTag Load (0.2ms)[0m  [1m[34mSELECT "tags".* FROM "tags"[0m
  [1m[35m (0.1ms)[0m  [1m[36mbegin transaction[0m
  [1m[36mTag Create (0.3ms)[0m  [1m[32mINSERT INTO "tags" ("name", "created_at", "updated_at") VALUES (?, ?, ?)[0m  [["name", "Fruit tree"], ["created_at", "2020-10-17 13:16:13.066007"], ["updated_at", "2020-10-17 13:16:13.066007"]]
  [1m[35m (7.4ms)[0m  [1m[36mcommit transaction[0m
  [1m[35m (0.1ms)[0m  [1m[36mbegin transaction[0m
  [1m[36mTag Create (0.3ms)[0m  [1m[32mINSERT INTO "tags" ("name", "created_at", "updated_at") VALUES (?, ?, ?)[0m  [["name", "Cactus"], ["created_at", "2020-10-17 13:16:13.078832"], ["updated_at", "2020-10-17 13:16:13.078832"]]
  [1m[35m (6.1ms)[0m  [1m[36mcommit transaction[0m
  [1m[35m (0.1ms)[0m  [1m[36mbegin transaction[0m
  [1m[36mTag Create (0.5ms)[0m  [1m[32mINSERT INTO "tags" ("name", "created_at", "updated_at") VALUES (?, ?, ?)[0m  [["name", "Greasy plant"], ["created_at", "2020-10-17 13:16:13.090227"], ["updated_at", "2020-10-17 13:16:13.090227"]]
  [1m[35m (4.7ms)[0m  [1m[36mcommit transaction[0m
  [1m[35m (0.1ms)[0m  [1m[36mbegin transaction[0m
  [1m[36mTag Create (0.5ms)[0m  [1m[32mINSERT INTO "tags" ("name", "created_at", "updated_at") VALUES (?, ?, ?)[0m  [["name", "Flower"], ["created_at", "2020-10-17 13:16:13.105583"], ["updated_at", "2020-10-17 13:16:13.105583"]]
  [1m[35m (4.9ms)[0m  [1m[36mcommit transaction[0m
  [1m[35m (0.1ms)[0m  [1m[36mbegin transaction[0m
  [1m[36mTag Create (0.3ms)[0m  [1m[32mINSERT INTO "tags" ("name", "created_at", "updated_at") VALUES (?, ?, ?)[0m  [["name", "Ferns"], ["created_at", "2020-10-17 13:16:13.122498"], ["updated_at", "2020-10-17 13:16:13.122498"]]
  [1m[35m (4.7ms)[0m  [1m[36mcommit transaction[0m
  [1m[35m (0.1ms)[0m  [1m[36mbegin transaction[0m
  [1m[36mTag Create (0.6ms)[0m  [1m[32mINSERT INTO "tags" ("name", "created_at", "updated_at") VALUES (?, ?, ?)[0m  [["name", "Conifers"], ["created_at", "2020-10-17 13:16:13.133911"], ["updated_at", "2020-10-17 13:16:13.133911"]]
  [1m[35m (6.1ms)[0m  [1m[36mcommit transaction[0m
  [1m[35m (1.6ms)[0m  [1m[34mSELECT sqlite_version(*)[0m
  [1m[36mPlant Load (0.3ms)[0m  [1m[34mSELECT "plants".* FROM "plants" LIMIT ?[0m  [["LIMIT", 11]]
Started GET "/gardens" for ::1 at 2020-10-17 10:27:37 -0300
  [1m[35m (0.5ms)[0m  [1m[34mSELECT sqlite_version(*)[0m
  [1m[35m (0.2ms)[0m  [1m[34mSELECT "schema_migrations"."version" FROM "schema_migrations" ORDER BY "schema_migrations"."version" ASC[0m
Processing by GardensController#index as HTML
  Rendering gardens/index.html.erb within layouts/application
  [1m[36mGarden Load (0.3ms)[0m  [1m[34mSELECT "gardens".* FROM "gardens"[0m
  ↳ app/views/gardens/index.html.erb:15
  Rendered gardens/index.html.erb within layouts/application (Duration: 20.3ms | Allocations: 5022)
Started GET "/gardens" for ::1 at 2020-10-17 10:27:41 -0300
  [1m[35m (0.1ms)[0m  [1m[34mSELECT sqlite_version(*)[0m
Processing by GardensController#index as HTML
  Rendering gardens/index.html.erb within layouts/application
  [1m[36mGarden Load (0.3ms)[0m  [1m[34mSELECT "gardens".* FROM "gardens"[0m
  ↳ app/views/gardens/index.html.erb:15
  Rendered gardens/index.html.erb within layouts/application (Duration: 3.6ms | Allocations: 904)
Started GET "/gardens" for ::1 at 2020-10-17 10:28:45 -0300
  [1m[35m (1.1ms)[0m  [1m[34mSELECT sqlite_version(*)[0m
  [1m[35m (0.5ms)[0m  [1m[34mSELECT "schema_migrations"."version" FROM "schema_migrations" ORDER BY "schema_migrations"."version" ASC[0m
Processing by GardensController#index as HTML
  Rendering gardens/index.html.erb within layouts/application
  [1m[36mGarden Load (0.3ms)[0m  [1m[34mSELECT "gardens".* FROM "gardens"[0m
  ↳ app/views/gardens/index.html.erb:15
  Rendered gardens/index.html.erb within layouts/application (Duration: 16.4ms | Allocations: 4851)
[Webpacker] Compiling...
[Webpacker] Compiled all packs in /home/lucas/code/lucaslealm/plants-with-tags/public/packs
[Webpacker] Browserslist: caniuse-lite is outdated. Please run the following command: `yarn upgrade`

[Webpacker] Hash: 6249d34a60b5b41e803f
Version: webpack 4.41.6
Time: 1847ms
Built at: 10/17/2020 10:28:58 AM
                                     Asset       Size       Chunks                         Chunk Names
    js/application-e432d36ab9763137ce3c.js   89.1 KiB  application  [emitted] [immutable]  application
js/application-e432d36ab9763137ce3c.js.map   97.9 KiB  application  [emitted] [dev]        application
                             manifest.json  364 bytes               [emitted]              
Entrypoint application = js/application-e432d36ab9763137ce3c.js js/application-e432d36ab9763137ce3c.js.map
[./app/javascript/channels sync recursive _channel\.js$] ./app/javascript/channels sync _channel\.js$ 160 bytes {application} [built]
[./app/javascript/channels/index.js] 211 bytes {application} [built]
[./app/javascript/packs/application.js] 707 bytes {application} [built]
[./node_modules/webpack/buildin/module.js] (webpack)/buildin/module.js 552 bytes {application} [built]
    + 2 hidden modules

Completed 200 OK in 12310ms (Views: 12288.2ms | ActiveRecord: 2.0ms | Allocations: 70623)


Started GET "/gardens" for ::1 at 2020-10-17 10:29:36 -0300
Processing by GardensController#index as HTML
  Rendering gardens/index.html.erb within layouts/application
  [1m[36mGarden Load (0.2ms)[0m  [1m[34mSELECT "gardens".* FROM "gardens"[0m
  ↳ app/views/gardens/index.html.erb:14
  Rendered gardens/index.html.erb within layouts/application (Duration: 4.7ms | Allocations: 1121)
[Webpacker] Everything's up-to-date. Nothing to do
Completed 200 OK in 27ms (Views: 25.3ms | ActiveRecord: 0.2ms | Allocations: 12064)


Started GET "/gardens/1" for ::1 at 2020-10-17 10:29:39 -0300
Processing by GardensController#show as HTML
  Parameters: {"id"=>"1"}
  [1m[36mGarden Load (0.8ms)[0m  [1m[34mSELECT "gardens".* FROM "gardens" WHERE "gardens"."id" = ? LIMIT ?[0m  [["id", 1], ["LIMIT", 1]]
  ↳ app/controllers/gardens_controller.rb:68:in `set_garden'
  Rendering gardens/show.html.erb within layouts/application
  [1m[36mPlant Load (0.4ms)[0m  [1m[34mSELECT "plants".* FROM "plants" WHERE "plants"."garden_id" = ?[0m  [["garden_id", 1]]
  ↳ app/views/gardens/show.html.erb:11
  Rendered gardens/show.html.erb within layouts/application (Duration: 156.3ms | Allocations: 30472)
[Webpacker] Everything's up-to-date. Nothing to do
Completed 200 OK in 217ms (Views: 172.8ms | ActiveRecord: 2.9ms | Allocations: 48917)


Started GET "/plants/1/plant_tags/new" for ::1 at 2020-10-17 10:33:01 -0300
  [1m[35m (1.3ms)[0m  [1m[34mSELECT sqlite_version(*)[0m
  [1m[35m (0.4ms)[0m  [1m[34mSELECT "schema_migrations"."version" FROM "schema_migrations" ORDER BY "schema_migrations"."version" ASC[0m
Processing by PlantTagsController#new as HTML
  Parameters: {"plant_id"=>"1"}
  [1m[36mPlant Load (1.3ms)[0m  [1m[34mSELECT "plants".* FROM "plants" WHERE "plants"."id" = ? LIMIT ?[0m  [["id", 1], ["LIMIT", 1]]
  ↳ app/controllers/plant_tags_controller.rb:3:in `new'
  Rendering plant_tags/new.html.erb within layouts/application
  [1m[36mTag Load (1.5ms)[0m  [1m[34mSELECT "tags".* FROM "tags"[0m
  ↳ app/views/plant_tags/new.html.erb:7
  Rendered plant_tags/new.html.erb within layouts/application (Duration: 77.8ms | Allocations: 17587)
[Webpacker] Everything's up-to-date. Nothing to do
Completed 200 OK in 267ms (Views: 202.2ms | ActiveRecord: 7.5ms | Allocations: 69071)


Started GET "/plants/1/plant_tags/new" for ::1 at 2020-10-17 10:33:47 -0300
  [1m[35m (0.1ms)[0m  [1m[34mSELECT sqlite_version(*)[0m
Processing by PlantTagsController#new as HTML
  Parameters: {"plant_id"=>"1"}
  [1m[36mPlant Load (0.4ms)[0m  [1m[34mSELECT "plants".* FROM "plants" WHERE "plants"."id" = ? LIMIT ?[0m  [["id", 1], ["LIMIT", 1]]
  ↳ app/controllers/plant_tags_controller.rb:3:in `new'
  Rendering plant_tags/new.html.erb within layouts/application
  [1m[36mTag Load (0.6ms)[0m  [1m[34mSELECT "tags".* FROM "tags"[0m
  ↳ app/views/plant_tags/new.html.erb:7
  Rendered plant_tags/new.html.erb within layouts/application (Duration: 26.8ms | Allocations: 6882)
[Webpacker] Everything's up-to-date. Nothing to do
Completed 200 OK in 95ms (Views: 48.8ms | ActiveRecord: 7.3ms | Allocations: 29105)


  [1m[35m (0.5ms)[0m  [1m[34mSELECT sqlite_version(*)[0m
  [1m[36mTag Load (0.6ms)[0m  [1m[34mSELECT "tags".* FROM "tags" LIMIT ?[0m  [["LIMIT", 11]]
Started POST "/plants/1/plant_tags" for ::1 at 2020-10-17 10:35:18 -0300
  [1m[35m (2.2ms)[0m  [1m[34mSELECT sqlite_version(*)[0m
  [1m[35m (0.2ms)[0m  [1m[34mSELECT "schema_migrations"."version" FROM "schema_migrations" ORDER BY "schema_migrations"."version" ASC[0m
  
AbstractController::ActionNotFound (The action 'create' could not be found for PlantTagsController):
  
actionpack (6.0.2.1) lib/abstract_controller/base.rb:131:in `process'
actionview (6.0.2.1) lib/action_view/rendering.rb:39:in `process'
actionpack (6.0.2.1) lib/action_controller/metal.rb:191:in `dispatch'
actionpack (6.0.2.1) lib/action_controller/metal.rb:252:in `dispatch'
actionpack (6.0.2.1) lib/action_dispatch/routing/route_set.rb:51:in `dispatch'
actionpack (6.0.2.1) lib/action_dispatch/routing/route_set.rb:33:in `serve'
actionpack (6.0.2.1) lib/action_dispatch/journey/router.rb:49:in `block in serve'
actionpack (6.0.2.1) lib/action_dispatch/journey/router.rb:32:in `each'
actionpack (6.0.2.1) lib/action_dispatch/journey/router.rb:32:in `serve'
actionpack (6.0.2.1) lib/action_dispatch/routing/route_set.rb:837:in `call'
rack (2.2.2) lib/rack/tempfile_reaper.rb:15:in `call'
rack (2.2.2) lib/rack/etag.rb:27:in `call'
rack (2.2.2) lib/rack/conditional_get.rb:40:in `call'
rack (2.2.2) lib/rack/head.rb:12:in `call'
actionpack (6.0.2.1) lib/action_dispatch/http/content_security_policy.rb:18:in `call'
rack (2.2.2) lib/rack/session/abstract/id.rb:266:in `context'
rack (2.2.2) lib/rack/session/abstract/id.rb:260:in `call'
actionpack (6.0.2.1) lib/action_dispatch/middleware/cookies.rb:648:in `call'
activerecord (6.0.2.1) lib/active_record/migration.rb:567:in `call'
actionpack (6.0.2.1) lib/action_dispatch/middleware/callbacks.rb:27:in `block in call'
activesupport (6.0.2.1) lib/active_support/callbacks.rb:101:in `run_callbacks'
actionpack (6.0.2.1) lib/action_dispatch/middleware/callbacks.rb:26:in `call'
actionpack (6.0.2.1) lib/action_dispatch/middleware/executor.rb:14:in `call'
actionpack (6.0.2.1) lib/action_dispatch/middleware/actionable_exceptions.rb:17:in `call'
actionpack (6.0.2.1) lib/action_dispatch/middleware/debug_exceptions.rb:32:in `call'
web-console (4.0.1) lib/web_console/middleware.rb:132:in `call_app'
web-console (4.0.1) lib/web_console/middleware.rb:28:in `block in call'
web-console (4.0.1) lib/web_console/middleware.rb:17:in `catch'
web-console (4.0.1) lib/web_console/middleware.rb:17:in `call'
actionpack (6.0.2.1) lib/action_dispatch/middleware/show_exceptions.rb:33:in `call'
railties (6.0.2.1) lib/rails/rack/logger.rb:38:in `call_app'
railties (6.0.2.1) lib/rails/rack/logger.rb:26:in `block in call'
activesupport (6.0.2.1) lib/active_support/tagged_logging.rb:80:in `block in tagged'
activesupport (6.0.2.1) lib/active_support/tagged_logging.rb:28:in `tagged'
activesupport (6.0.2.1) lib/active_support/tagged_logging.rb:80:in `tagged'
railties (6.0.2.1) lib/rails/rack/logger.rb:26:in `call'
sprockets-rails (3.2.1) lib/sprockets/rails/quiet_assets.rb:13:in `call'
actionpack (6.0.2.1) lib/action_dispatch/middleware/remote_ip.rb:81:in `call'
actionpack (6.0.2.1) lib/action_dispatch/middleware/request_id.rb:27:in `call'
rack (2.2.2) lib/rack/method_override.rb:24:in `call'
rack (2.2.2) lib/rack/runtime.rb:22:in `call'
activesupport (6.0.2.1) lib/active_support/cache/strategy/local_cache_middleware.rb:29:in `call'
actionpack (6.0.2.1) lib/action_dispatch/middleware/executor.rb:14:in `call'
actionpack (6.0.2.1) lib/action_dispatch/middleware/static.rb:126:in `call'
rack (2.2.2) lib/rack/sendfile.rb:110:in `call'
actionpack (6.0.2.1) lib/action_dispatch/middleware/host_authorization.rb:83:in `call'
webpacker (4.2.2) lib/webpacker/dev_server_proxy.rb:23:in `perform_request'
rack-proxy (0.6.5) lib/rack/proxy.rb:57:in `call'
railties (6.0.2.1) lib/rails/engine.rb:526:in `call'
puma (4.3.1) lib/puma/configuration.rb:228:in `call'
puma (4.3.1) lib/puma/server.rb:681:in `handle_request'
puma (4.3.1) lib/puma/server.rb:472:in `process_client'
puma (4.3.1) lib/puma/server.rb:328:in `block in run'
puma (4.3.1) lib/puma/thread_pool.rb:134:in `block in spawn_thread'
Started POST "/plants/1/plant_tags" for ::1 at 2020-10-17 10:35:54 -0300
  [1m[35m (0.1ms)[0m  [1m[34mSELECT sqlite_version(*)[0m
Processing by PlantTagsController#create as HTML
  Parameters: {"authenticity_token"=>"74adUKd1d6qR1ZGKGIdQiIjZoz+fSNRIJs838sGiHAb/J73diuaOZWebyX+bo2h/59UI9E8mQdY3tu39qT89sA==", "plant_tag"=>{"tag"=>"2"}, "commit"=>"Add tag", "plant_id"=>"1"}
Completed 500 Internal Server Error in 44ms (ActiveRecord: 0.0ms | Allocations: 726)


  
RuntimeError ():
  
app/controllers/plant_tags_controller.rb:9:in `create'
Started PUT "/__web_console/repl_sessions/1bb89bcad1e6223b6f9cf7f3a5681e15" for ::1 at 2020-10-17 10:35:57 -0300
Started PUT "/__web_console/repl_sessions/1bb89bcad1e6223b6f9cf7f3a5681e15" for ::1 at 2020-10-17 10:35:57 -0300
Started POST "/plants/1/plant_tags" for ::1 at 2020-10-17 10:40:09 -0300
  [1m[35m (0.9ms)[0m  [1m[34mSELECT sqlite_version(*)[0m
  [1m[35m (0.3ms)[0m  [1m[34mSELECT "schema_migrations"."version" FROM "schema_migrations" ORDER BY "schema_migrations"."version" ASC[0m
Processing by PlantTagsController#create as HTML
  Parameters: {"authenticity_token"=>"74adUKd1d6qR1ZGKGIdQiIjZoz+fSNRIJs838sGiHAb/J73diuaOZWebyX+bo2h/59UI9E8mQdY3tu39qT89sA==", "plant_tag"=>{"tag"=>"1"}, "commit"=>"Add tag", "plant_id"=>"1"}
  [1m[36mPlant Load (0.2ms)[0m  [1m[34mSELECT "plants".* FROM "plants" WHERE "plants"."id" = ? LIMIT ?[0m  [["id", 1], ["LIMIT", 1]]
  ↳ app/controllers/plant_tags_controller.rb:9:in `create'
  [1m[36mTag Load (0.5ms)[0m  [1m[34mSELECT "tags".* FROM "tags" WHERE "tags"."id" = ? LIMIT ?[0m  [["id", 1], ["LIMIT", 1]]
  ↳ app/controllers/plant_tags_controller.rb:10:in `create'
  [1m[35m (0.2ms)[0m  [1m[36mbegin transaction[0m
  ↳ app/controllers/plant_tags_controller.rb:12:in `create'
  [1m[36mPlantTag Create (0.8ms)[0m  [1m[32mINSERT INTO "plant_tags" ("plant_id", "tag_id", "created_at", "updated_at") VALUES (?, ?, ?, ?)[0m  [["plant_id", 1], ["tag_id", 1], ["created_at", "2020-10-17 13:40:09.787833"], ["updated_at", "2020-10-17 13:40:09.787833"]]
  ↳ app/controllers/plant_tags_controller.rb:12:in `create'
  [1m[35m (9.9ms)[0m  [1m[36mcommit transaction[0m
  ↳ app/controllers/plant_tags_controller.rb:12:in `create'
  [1m[36mGarden Load (0.4ms)[0m  [1m[34mSELECT "gardens".* FROM "gardens" WHERE "gardens"."id" = ? LIMIT ?[0m  [["id", 1], ["LIMIT", 1]]
  ↳ app/controllers/plant_tags_controller.rb:13:in `create'
Redirected to http://localhost:3000/gardens/1
Completed 302 Found in 105ms (ActiveRecord: 17.3ms | Allocations: 26188)


Started GET "/gardens/1" for ::1 at 2020-10-17 10:40:09 -0300
Processing by GardensController#show as HTML
  Parameters: {"id"=>"1"}
  [1m[36mGarden Load (0.9ms)[0m  [1m[34mSELECT "gardens".* FROM "gardens" WHERE "gardens"."id" = ? LIMIT ?[0m  [["id", 1], ["LIMIT", 1]]
  ↳ app/controllers/gardens_controller.rb:68:in `set_garden'
  Rendering gardens/show.html.erb within layouts/application
  [1m[36mPlant Load (0.3ms)[0m  [1m[34mSELECT "plants".* FROM "plants" WHERE "plants"."garden_id" = ?[0m  [["garden_id", 1]]
  ↳ app/views/gardens/show.html.erb:11
  Rendered gardens/show.html.erb within layouts/application (Duration: 61.2ms | Allocations: 17119)
[Webpacker] Everything's up-to-date. Nothing to do
Completed 200 OK in 210ms (Views: 196.3ms | ActiveRecord: 1.2ms | Allocations: 58715)


Started GET "/gardens/1" for ::1 at 2020-10-17 10:45:14 -0300
Processing by GardensController#show as HTML
  Parameters: {"id"=>"1"}
  [1m[36mGarden Load (0.2ms)[0m  [1m[34mSELECT "gardens".* FROM "gardens" WHERE "gardens"."id" = ? LIMIT ?[0m  [["id", 1], ["LIMIT", 1]]
  ↳ app/controllers/gardens_controller.rb:68:in `set_garden'
  Rendering gardens/show.html.erb within layouts/application
  [1m[36mPlant Load (0.3ms)[0m  [1m[34mSELECT "plants".* FROM "plants" WHERE "plants"."garden_id" = ?[0m  [["garden_id", 1]]
  ↳ app/views/gardens/show.html.erb:11
  [1m[36mTag Load (0.5ms)[0m  [1m[34mSELECT "tags".* FROM "tags" INNER JOIN "plant_tags" ON "tags"."id" = "plant_tags"."tag_id" WHERE "plant_tags"."plant_id" = ?[0m  [["plant_id", 1]]
  ↳ app/views/gardens/show.html.erb:18
  [1m[36mTag Load (0.2ms)[0m  [1m[34mSELECT "tags".* FROM "tags" INNER JOIN "plant_tags" ON "tags"."id" = "plant_tags"."tag_id" WHERE "plant_tags"."plant_id" = ?[0m  [["plant_id", 2]]
  ↳ app/views/gardens/show.html.erb:18
  Rendered gardens/show.html.erb within layouts/application (Duration: 60.8ms | Allocations: 14069)
[Webpacker] Everything's up-to-date. Nothing to do
Completed 200 OK in 5786ms (Views: 5781.0ms | ActiveRecord: 1.2ms | Allocations: 167088)


Started GET "/plants/1/plant_tags/new" for ::1 at 2020-10-17 10:45:34 -0300
Processing by PlantTagsController#new as HTML
  Parameters: {"plant_id"=>"1"}
  [1m[36mPlant Load (0.2ms)[0m  [1m[34mSELECT "plants".* FROM "plants" WHERE "plants"."id" = ? LIMIT ?[0m  [["id", 1], ["LIMIT", 1]]
  ↳ app/controllers/plant_tags_controller.rb:3:in `new'
  Rendering plant_tags/new.html.erb within layouts/application
  [1m[36mTag Load (1.1ms)[0m  [1m[34mSELECT "tags".* FROM "tags"[0m
  ↳ app/views/plant_tags/new.html.erb:7
  Rendered plant_tags/new.html.erb within layouts/application (Duration: 69.2ms | Allocations: 4014)
[Webpacker] Everything's up-to-date. Nothing to do
Completed 200 OK in 94ms (Views: 89.3ms | ActiveRecord: 1.2ms | Allocations: 15632)


Started POST "/plants/1/plant_tags" for ::1 at 2020-10-17 10:47:01 -0300
Processing by PlantTagsController#create as HTML
  Parameters: {"authenticity_token"=>"ZOzayfxK5KJoA/YvIcwCv315XrcHizmCZ+yEqJh7fw9R+VXJxXSWCc0iqBbL6NxFbPpNgLtNp9yCn/nj++Jxdw==", "plant_tag"=>{"tag"=>"6"}, "commit"=>"Add tag", "plant_id"=>"1"}
  [1m[36mPlant Load (0.4ms)[0m  [1m[34mSELECT "plants".* FROM "plants" WHERE "plants"."id" = ? LIMIT ?[0m  [["id", 1], ["LIMIT", 1]]
  ↳ app/controllers/plant_tags_controller.rb:9:in `create'
  [1m[36mTag Load (0.5ms)[0m  [1m[34mSELECT "tags".* FROM "tags" WHERE "tags"."id" = ? LIMIT ?[0m  [["id", 6], ["LIMIT", 1]]
  ↳ app/controllers/plant_tags_controller.rb:10:in `create'
  [1m[35m (0.1ms)[0m  [1m[36mbegin transaction[0m
  ↳ app/controllers/plant_tags_controller.rb:12:in `create'
  [1m[36mPlantTag Create (1.0ms)[0m  [1m[32mINSERT INTO "plant_tags" ("plant_id", "tag_id", "created_at", "updated_at") VALUES (?, ?, ?, ?)[0m  [["plant_id", 1], ["tag_id", 6], ["created_at", "2020-10-17 13:47:01.550306"], ["updated_at", "2020-10-17 13:47:01.550306"]]
  ↳ app/controllers/plant_tags_controller.rb:12:in `create'
  [1m[35m (8.9ms)[0m  [1m[36mcommit transaction[0m
  ↳ app/controllers/plant_tags_controller.rb:12:in `create'
  [1m[36mGarden Load (0.2ms)[0m  [1m[34mSELECT "gardens".* FROM "gardens" WHERE "gardens"."id" = ? LIMIT ?[0m  [["id", 1], ["LIMIT", 1]]
  ↳ app/controllers/plant_tags_controller.rb:13:in `create'
Redirected to http://localhost:3000/gardens/1
Completed 302 Found in 29ms (ActiveRecord: 11.3ms | Allocations: 5160)


Started GET "/gardens/1" for ::1 at 2020-10-17 10:47:01 -0300
Processing by GardensController#show as HTML
  Parameters: {"id"=>"1"}
  [1m[36mGarden Load (0.2ms)[0m  [1m[34mSELECT "gardens".* FROM "gardens" WHERE "gardens"."id" = ? LIMIT ?[0m  [["id", 1], ["LIMIT", 1]]
  ↳ app/controllers/gardens_controller.rb:68:in `set_garden'
  Rendering gardens/show.html.erb within layouts/application
  [1m[36mPlant Load (0.5ms)[0m  [1m[34mSELECT "plants".* FROM "plants" WHERE "plants"."garden_id" = ?[0m  [["garden_id", 1]]
  ↳ app/views/gardens/show.html.erb:11
  [1m[36mTag Load (0.5ms)[0m  [1m[34mSELECT "tags".* FROM "tags" INNER JOIN "plant_tags" ON "tags"."id" = "plant_tags"."tag_id" WHERE "plant_tags"."plant_id" = ?[0m  [["plant_id", 1]]
  ↳ app/views/gardens/show.html.erb:18
  [1m[36mTag Load (0.3ms)[0m  [1m[34mSELECT "tags".* FROM "tags" INNER JOIN "plant_tags" ON "tags"."id" = "plant_tags"."tag_id" WHERE "plant_tags"."plant_id" = ?[0m  [["plant_id", 2]]
  ↳ app/views/gardens/show.html.erb:18
  Rendered gardens/show.html.erb within layouts/application (Duration: 37.1ms | Allocations: 7861)
[Webpacker] Everything's up-to-date. Nothing to do
Completed 200 OK in 62ms (Views: 58.5ms | ActiveRecord: 1.6ms | Allocations: 18855)


Started GET "/plants/1/plant_tags/new" for ::1 at 2020-10-17 10:47:03 -0300
Processing by PlantTagsController#new as HTML
  Parameters: {"plant_id"=>"1"}
  [1m[36mPlant Load (0.2ms)[0m  [1m[34mSELECT "plants".* FROM "plants" WHERE "plants"."id" = ? LIMIT ?[0m  [["id", 1], ["LIMIT", 1]]
  ↳ app/controllers/plant_tags_controller.rb:3:in `new'
  Rendering plant_tags/new.html.erb within layouts/application
  [1m[36mTag Load (0.2ms)[0m  [1m[34mSELECT "tags".* FROM "tags"[0m
  ↳ app/views/plant_tags/new.html.erb:7
  Rendered plant_tags/new.html.erb within layouts/application (Duration: 11.0ms | Allocations: 3509)
[Webpacker] Everything's up-to-date. Nothing to do
Completed 200 OK in 39ms (Views: 37.2ms | ActiveRecord: 0.3ms | Allocations: 14519)


Started GET "/plants/1/plant_tags/new" for ::1 at 2020-10-17 10:48:01 -0300
Processing by PlantTagsController#new as HTML
  Parameters: {"plant_id"=>"1"}
  [1m[36mPlant Load (0.2ms)[0m  [1m[34mSELECT "plants".* FROM "plants" WHERE "plants"."id" = ? LIMIT ?[0m  [["id", 1], ["LIMIT", 1]]
  ↳ app/controllers/plant_tags_controller.rb:3:in `new'
  Rendering plant_tags/new.html.erb within layouts/application
  [1m[36mTag Load (0.2ms)[0m  [1m[34mSELECT "tags".* FROM "tags"[0m
  ↳ app/views/plant_tags/new.html.erb:7
  Rendered plant_tags/new.html.erb within layouts/application (Duration: 16.3ms | Allocations: 3719)
[Webpacker] Everything's up-to-date. Nothing to do
Completed 200 OK in 72ms (Views: 49.4ms | ActiveRecord: 0.4ms | Allocations: 15462)


Started POST "/plants/1/plant_tags" for ::1 at 2020-10-17 10:48:13 -0300
Processing by PlantTagsController#create as HTML
  Parameters: {"authenticity_token"=>"lrnCoQcu6MY5jE5/86fUfnGFCOVweo0mt4tnNPWZdimGGOIsKr0RCc/CFopwg+yJHomjLqAUGLim8r07nQRXnw==", "plant_tag"=>{"tag"=>["", "3", "4", "5"]}, "commit"=>"Add tag", "plant_id"=>"1"}
  [1m[36mPlant Load (0.5ms)[0m  [1m[34mSELECT "plants".* FROM "plants" WHERE "plants"."id" = ? LIMIT ?[0m  [["id", 1], ["LIMIT", 1]]
  ↳ app/controllers/plant_tags_controller.rb:9:in `create'
  [1m[36mTag Load (0.6ms)[0m  [1m[34mSELECT "tags".* FROM "tags" WHERE "tags"."id" IN (?, ?, ?, ?)[0m  [["id", nil], ["id", 3], ["id", 4], ["id", 5]]
  ↳ app/controllers/plant_tags_controller.rb:10:in `create'
Completed 404 Not Found in 8ms (ActiveRecord: 1.0ms | Allocations: 2003)


  
ActiveRecord::RecordNotFound (Couldn't find all Tags with 'id': (, 3, 4, 5) (found 3 results, but was looking for 4).):
  
app/controllers/plant_tags_controller.rb:10:in `create'
Started PUT "/__web_console/repl_sessions/e049d5390d3818e7da9096d41d440f7f" for ::1 at 2020-10-17 10:49:32 -0300
Started PUT "/__web_console/repl_sessions/e049d5390d3818e7da9096d41d440f7f" for ::1 at 2020-10-17 10:49:32 -0300
Started POST "/plants/1/plant_tags" for ::1 at 2020-10-17 10:52:00 -0300
  [1m[35m (0.1ms)[0m  [1m[34mSELECT sqlite_version(*)[0m
Processing by PlantTagsController#create as HTML
  Parameters: {"authenticity_token"=>"lrnCoQcu6MY5jE5/86fUfnGFCOVweo0mt4tnNPWZdimGGOIsKr0RCc/CFopwg+yJHomjLqAUGLim8r07nQRXnw==", "plant_tag"=>{"tag"=>["", "3", "4"]}, "commit"=>"Add tag", "plant_id"=>"1"}
  [1m[36mPlant Load (0.6ms)[0m  [1m[34mSELECT "plants".* FROM "plants" WHERE "plants"."id" = ? LIMIT ?[0m  [["id", 1], ["LIMIT", 1]]
  ↳ app/controllers/plant_tags_controller.rb:9:in `create'
  [1m[36mTag Load (0.3ms)[0m  [1m[34mSELECT "tags".* FROM "tags" WHERE "tags"."id" IN (?, ?, ?)[0m  [["id", nil], ["id", 3], ["id", 4]]
  ↳ app/controllers/plant_tags_controller.rb:11:in `create'
  [1m[35m (0.1ms)[0m  [1m[36mbegin transaction[0m
  ↳ app/controllers/plant_tags_controller.rb:13:in `block in create'
  [1m[36mPlantTag Create (0.7ms)[0m  [1m[32mINSERT INTO "plant_tags" ("plant_id", "tag_id", "created_at", "updated_at") VALUES (?, ?, ?, ?)[0m  [["plant_id", 1], ["tag_id", 3], ["created_at", "2020-10-17 13:52:00.384662"], ["updated_at", "2020-10-17 13:52:00.384662"]]
  ↳ app/controllers/plant_tags_controller.rb:13:in `block in create'
  [1m[35m (14.1ms)[0m  [1m[36mcommit transaction[0m
  ↳ app/controllers/plant_tags_controller.rb:13:in `block in create'
  [1m[35m (0.1ms)[0m  [1m[36mbegin transaction[0m
  ↳ app/controllers/plant_tags_controller.rb:13:in `block in create'
  [1m[36mPlantTag Create (0.7ms)[0m  [1m[32mINSERT INTO "plant_tags" ("plant_id", "tag_id", "created_at", "updated_at") VALUES (?, ?, ?, ?)[0m  [["plant_id", 1], ["tag_id", 4], ["created_at", "2020-10-17 13:52:00.410555"], ["updated_at", "2020-10-17 13:52:00.410555"]]
  ↳ app/controllers/plant_tags_controller.rb:13:in `block in create'
  [1m[35m (8.4ms)[0m  [1m[36mcommit transaction[0m
  ↳ app/controllers/plant_tags_controller.rb:13:in `block in create'
  [1m[36mGarden Load (0.2ms)[0m  [1m[34mSELECT "gardens".* FROM "gardens" WHERE "gardens"."id" = ? LIMIT ?[0m  [["id", 1], ["LIMIT", 1]]
  ↳ app/controllers/plant_tags_controller.rb:15:in `create'
Redirected to http://localhost:3000/gardens/1
Completed 302 Found in 138ms (ActiveRecord: 32.0ms | Allocations: 27044)


Started GET "/gardens/1" for ::1 at 2020-10-17 10:52:00 -0300
Processing by GardensController#show as HTML
  Parameters: {"id"=>"1"}
  [1m[36mGarden Load (0.2ms)[0m  [1m[34mSELECT "gardens".* FROM "gardens" WHERE "gardens"."id" = ? LIMIT ?[0m  [["id", 1], ["LIMIT", 1]]
  ↳ app/controllers/gardens_controller.rb:68:in `set_garden'
  Rendering gardens/show.html.erb within layouts/application
  [1m[36mPlant Load (0.3ms)[0m  [1m[34mSELECT "plants".* FROM "plants" WHERE "plants"."garden_id" = ?[0m  [["garden_id", 1]]
  ↳ app/views/gardens/show.html.erb:11
  [1m[36mTag Load (0.5ms)[0m  [1m[34mSELECT "tags".* FROM "tags" INNER JOIN "plant_tags" ON "tags"."id" = "plant_tags"."tag_id" WHERE "plant_tags"."plant_id" = ?[0m  [["plant_id", 1]]
  ↳ app/views/gardens/show.html.erb:18
  [1m[36mTag Load (0.2ms)[0m  [1m[34mSELECT "tags".* FROM "tags" INNER JOIN "plant_tags" ON "tags"."id" = "plant_tags"."tag_id" WHERE "plant_tags"."plant_id" = ?[0m  [["plant_id", 2]]
  ↳ app/views/gardens/show.html.erb:18
  Rendered gardens/show.html.erb within layouts/application (Duration: 41.7ms | Allocations: 11241)
[Webpacker] Everything's up-to-date. Nothing to do
Completed 200 OK in 75ms (Views: 68.7ms | ActiveRecord: 1.3ms | Allocations: 22813)


Started GET "/plants/2/plant_tags/new" for ::1 at 2020-10-17 10:52:59 -0300
Processing by PlantTagsController#new as HTML
  Parameters: {"plant_id"=>"2"}
  [1m[36mPlant Load (0.2ms)[0m  [1m[34mSELECT "plants".* FROM "plants" WHERE "plants"."id" = ? LIMIT ?[0m  [["id", 2], ["LIMIT", 1]]
  ↳ app/controllers/plant_tags_controller.rb:3:in `new'
  Rendering plant_tags/new.html.erb within layouts/application
  [1m[36mTag Load (0.5ms)[0m  [1m[34mSELECT "tags".* FROM "tags"[0m
  ↳ app/views/plant_tags/new.html.erb:7
  Rendered plant_tags/new.html.erb within layouts/application (Duration: 17.0ms | Allocations: 3673)
[Webpacker] Everything's up-to-date. Nothing to do
Completed 200 OK in 49ms (Views: 46.1ms | ActiveRecord: 0.7ms | Allocations: 14817)


Started GET "/plants/2/plant_tags/new" for ::1 at 2020-10-17 11:02:54 -0300
  [1m[35m (1.0ms)[0m  [1m[34mSELECT sqlite_version(*)[0m
  [1m[35m (0.4ms)[0m  [1m[34mSELECT "schema_migrations"."version" FROM "schema_migrations" ORDER BY "schema_migrations"."version" ASC[0m
Processing by PlantTagsController#new as HTML
  Parameters: {"plant_id"=>"2"}
  [1m[36mPlant Load (0.5ms)[0m  [1m[34mSELECT "plants".* FROM "plants" WHERE "plants"."id" = ? LIMIT ?[0m  [["id", 2], ["LIMIT", 1]]
  ↳ app/controllers/plant_tags_controller.rb:3:in `new'
  Rendering plant_tags/new.html.erb within layouts/application
  [1m[36mTag Load (0.4ms)[0m  [1m[34mSELECT "tags".* FROM "tags"[0m
  ↳ app/views/plant_tags/new.html.erb:7
  Rendered plant_tags/new.html.erb within layouts/application (Duration: 54.6ms | Allocations: 16234)
[Webpacker] Compiling...
[Webpacker] Compiled all packs in /home/lucas/code/lucaslealm/plants-with-tags/public/packs
[Webpacker] Browserslist: caniuse-lite is outdated. Please run the following command: `yarn upgrade`

[Webpacker] Hash: 7b43f3a048481941decf
Version: webpack 4.41.6
Time: 5131ms
Built at: 10/17/2020 11:03:07 AM
                                     Asset       Size       Chunks                         Chunk Names
    js/application-19105763c3cd44b53e90.js    615 KiB  application  [emitted] [immutable]  application
js/application-19105763c3cd44b53e90.js.map    715 KiB  application  [emitted] [dev]        application
                             manifest.json  364 bytes               [emitted]              
Entrypoint application = js/application-19105763c3cd44b53e90.js js/application-19105763c3cd44b53e90.js.map
[./app/javascript/channels sync recursive _channel\.js$] ./app/javascript/channels sync _channel\.js$ 160 bytes {application} [built]
[./app/javascript/channels/index.js] 211 bytes {application} [built]
[./app/javascript/packs/application.js] 821 bytes {application} [built]
[./node_modules/webpack/buildin/module.js] (webpack)/buildin/module.js 552 bytes {application} [built]
    + 9 hidden modules

Completed 200 OK in 13482ms (Views: 13407.2ms | ActiveRecord: 6.3ms | Allocations: 211659)


Started POST "/plants/2/plant_tags" for ::1 at 2020-10-17 11:03:20 -0300
Processing by PlantTagsController#create as HTML
  Parameters: {"authenticity_token"=>"NYTI1fy8bgaQP+mk3Eu0Ov4j5INnA5z1Ppk3amoPJdolJehY0S+XyWZxsVFfb4zNkS9PSLdtCWsv4O1lApIEbA==", "plant_tag"=>{"tag"=>["", "2", "5", "6"]}, "commit"=>"Add tag", "plant_id"=>"2"}
  [1m[36mPlant Load (0.2ms)[0m  [1m[34mSELECT "plants".* FROM "plants" WHERE "plants"."id" = ? LIMIT ?[0m  [["id", 2], ["LIMIT", 1]]
  ↳ app/controllers/plant_tags_controller.rb:9:in `create'
  [1m[36mTag Load (0.3ms)[0m  [1m[34mSELECT "tags".* FROM "tags" WHERE "tags"."id" IN (?, ?, ?, ?)[0m  [["id", nil], ["id", 2], ["id", 5], ["id", 6]]
  ↳ app/controllers/plant_tags_controller.rb:11:in `create'
  [1m[35m (0.1ms)[0m  [1m[36mbegin transaction[0m
  ↳ app/controllers/plant_tags_controller.rb:13:in `block in create'
  [1m[36mPlantTag Create (1.2ms)[0m  [1m[32mINSERT INTO "plant_tags" ("plant_id", "tag_id", "created_at", "updated_at") VALUES (?, ?, ?, ?)[0m  [["plant_id", 2], ["tag_id", 2], ["created_at", "2020-10-17 14:03:20.779286"], ["updated_at", "2020-10-17 14:03:20.779286"]]
  ↳ app/controllers/plant_tags_controller.rb:13:in `block in create'
  [1m[35m (11.8ms)[0m  [1m[36mcommit transaction[0m
  ↳ app/controllers/plant_tags_controller.rb:13:in `block in create'
  [1m[35m (0.1ms)[0m  [1m[36mbegin transaction[0m
  ↳ app/controllers/plant_tags_controller.rb:13:in `block in create'
  [1m[36mPlantTag Create (0.9ms)[0m  [1m[32mINSERT INTO "plant_tags" ("plant_id", "tag_id", "created_at", "updated_at") VALUES (?, ?, ?, ?)[0m  [["plant_id", 2], ["tag_id", 5], ["created_at", "2020-10-17 14:03:20.802977"], ["updated_at", "2020-10-17 14:03:20.802977"]]
  ↳ app/controllers/plant_tags_controller.rb:13:in `block in create'
  [1m[35m (5.4ms)[0m  [1m[36mcommit transaction[0m
  ↳ app/controllers/plant_tags_controller.rb:13:in `block in create'
  [1m[35m (0.1ms)[0m  [1m[36mbegin transaction[0m
  ↳ app/controllers/plant_tags_controller.rb:13:in `block in create'
  [1m[36mPlantTag Create (0.7ms)[0m  [1m[32mINSERT INTO "plant_tags" ("plant_id", "tag_id", "created_at", "updated_at") VALUES (?, ?, ?, ?)[0m  [["plant_id", 2], ["tag_id", 6], ["created_at", "2020-10-17 14:03:20.818688"], ["updated_at", "2020-10-17 14:03:20.818688"]]
  ↳ app/controllers/plant_tags_controller.rb:13:in `block in create'
  [1m[35m (10.4ms)[0m  [1m[36mcommit transaction[0m
  ↳ app/controllers/plant_tags_controller.rb:13:in `block in create'
  [1m[36mGarden Load (0.2ms)[0m  [1m[34mSELECT "gardens".* FROM "gardens" WHERE "gardens"."id" = ? LIMIT ?[0m  [["id", 1], ["LIMIT", 1]]
  ↳ app/controllers/plant_tags_controller.rb:15:in `create'
Redirected to http://localhost:3000/gardens/1
Completed 302 Found in 81ms (ActiveRecord: 32.1ms | Allocations: 17094)


Started GET "/gardens/1" for ::1 at 2020-10-17 11:03:20 -0300
Processing by GardensController#show as HTML
  Parameters: {"id"=>"1"}
  [1m[36mGarden Load (0.4ms)[0m  [1m[34mSELECT "gardens".* FROM "gardens" WHERE "gardens"."id" = ? LIMIT ?[0m  [["id", 1], ["LIMIT", 1]]
  ↳ app/controllers/gardens_controller.rb:68:in `set_garden'
  Rendering gardens/show.html.erb within layouts/application
  [1m[36mPlant Load (0.3ms)[0m  [1m[34mSELECT "plants".* FROM "plants" WHERE "plants"."garden_id" = ?[0m  [["garden_id", 1]]
  ↳ app/views/gardens/show.html.erb:11
  [1m[36mTag Load (0.6ms)[0m  [1m[34mSELECT "tags".* FROM "tags" INNER JOIN "plant_tags" ON "tags"."id" = "plant_tags"."tag_id" WHERE "plant_tags"."plant_id" = ?[0m  [["plant_id", 1]]
  ↳ app/views/gardens/show.html.erb:18
  [1m[36mTag Load (0.7ms)[0m  [1m[34mSELECT "tags".* FROM "tags" INNER JOIN "plant_tags" ON "tags"."id" = "plant_tags"."tag_id" WHERE "plant_tags"."plant_id" = ?[0m  [["plant_id", 2]]
  ↳ app/views/gardens/show.html.erb:18
  Rendered gardens/show.html.erb within layouts/application (Duration: 49.6ms | Allocations: 13250)
[Webpacker] Everything's up-to-date. Nothing to do
Completed 200 OK in 78ms (Views: 70.1ms | ActiveRecord: 2.0ms | Allocations: 24681)


Started GET "/" for 127.0.0.1 at 2020-10-17 11:16:51 -0300
  [1m[35m (0.5ms)[0m  [1m[34mSELECT sqlite_version(*)[0m
  [1m[35m (0.4ms)[0m  [1m[34mSELECT "schema_migrations"."version" FROM "schema_migrations" ORDER BY "schema_migrations"."version" ASC[0m
Processing by Rails::WelcomeController#index as HTML
  Rendering /home/lucas/.rbenv/versions/2.6.5/lib/ruby/gems/2.6.0/gems/railties-6.0.2.1/lib/rails/templates/rails/welcome/index.html.erb
  Rendered /home/lucas/.rbenv/versions/2.6.5/lib/ruby/gems/2.6.0/gems/railties-6.0.2.1/lib/rails/templates/rails/welcome/index.html.erb (Duration: 10.3ms | Allocations: 300)
Completed 200 OK in 21ms (Views: 12.5ms | ActiveRecord: 0.0ms | Allocations: 1746)


Started GET "/gardens" for 127.0.0.1 at 2020-10-17 11:17:00 -0300
Processing by GardensController#index as HTML
  Rendering gardens/index.html.erb within layouts/application
  [1m[36mGarden Load (0.4ms)[0m  [1m[34mSELECT "gardens".* FROM "gardens"[0m
  ↳ app/views/gardens/index.html.erb:14
  Rendered gardens/index.html.erb within layouts/application (Duration: 12.3ms | Allocations: 4726)
[Webpacker] Everything's up-to-date. Nothing to do
Completed 200 OK in 127ms (Views: 118.9ms | ActiveRecord: 1.1ms | Allocations: 45807)


Started GET "/gardens/new" for 127.0.0.1 at 2020-10-17 11:17:06 -0300
Processing by GardensController#new as HTML
  Rendering gardens/new.html.erb within layouts/application
  Rendered gardens/_form.html.erb (Duration: 36.1ms | Allocations: 14566)
  Rendered gardens/new.html.erb within layouts/application (Duration: 38.3ms | Allocations: 14925)
[Webpacker] Everything's up-to-date. Nothing to do
Completed 200 OK in 58ms (Views: 56.7ms | ActiveRecord: 0.0ms | Allocations: 25221)


Started POST "/gardens" for 127.0.0.1 at 2020-10-17 11:17:12 -0300
Processing by GardensController#create as HTML
  Parameters: {"authenticity_token"=>"fh7CiV/O9TBSSZrVnglyYB81VWzLl2tIARUCmEYm72+8/gYBjJd2tI8YYzrscfeAtFIgMW+3ZtFVSve6bzRb/Q==", "garden"=>{"name"=>"Test", "banner_url"=>"test"}, "commit"=>"Create Garden"}
  [1m[35m (0.1ms)[0m  [1m[36mbegin transaction[0m
  ↳ app/controllers/gardens_controller.rb:31:in `block in create'
  [1m[36mGarden Create (0.4ms)[0m  [1m[32mINSERT INTO "gardens" ("name", "banner_url", "created_at", "updated_at") VALUES (?, ?, ?, ?)[0m  [["name", "Test"], ["banner_url", "test"], ["created_at", "2020-10-17 14:17:12.035720"], ["updated_at", "2020-10-17 14:17:12.035720"]]
  ↳ app/controllers/gardens_controller.rb:31:in `block in create'
  [1m[35m (7.9ms)[0m  [1m[36mcommit transaction[0m
  ↳ app/controllers/gardens_controller.rb:31:in `block in create'
Redirected to http://localhost:3000/gardens/3
Completed 302 Found in 21ms (ActiveRecord: 8.4ms | Allocations: 3936)


Started GET "/gardens/3" for 127.0.0.1 at 2020-10-17 11:17:12 -0300
Processing by GardensController#show as HTML
  Parameters: {"id"=>"3"}
  [1m[36mGarden Load (0.3ms)[0m  [1m[34mSELECT "gardens".* FROM "gardens" WHERE "gardens"."id" = ? LIMIT ?[0m  [["id", 3], ["LIMIT", 1]]
  ↳ app/controllers/gardens_controller.rb:68:in `set_garden'
  Rendering gardens/show.html.erb within layouts/application
  [1m[36mPlant Load (0.3ms)[0m  [1m[34mSELECT "plants".* FROM "plants" WHERE "plants"."garden_id" = ?[0m  [["garden_id", 3]]
  ↳ app/views/gardens/show.html.erb:11
  Rendered gardens/show.html.erb within layouts/application (Duration: 35.0ms | Allocations: 8939)
[Webpacker] Everything's up-to-date. Nothing to do
Completed 200 OK in 111ms (Views: 80.7ms | ActiveRecord: 3.3ms | Allocations: 25932)


Started GET "/gardens/test" for 127.0.0.1 at 2020-10-17 11:17:12 -0300
Processing by GardensController#show as HTML
  Parameters: {"id"=>"test"}
  [1m[36mGarden Load (0.2ms)[0m  [1m[34mSELECT "gardens".* FROM "gardens" WHERE "gardens"."id" = ? LIMIT ?[0m  [["id", nil], ["LIMIT", 1]]
  ↳ app/controllers/gardens_controller.rb:68:in `set_garden'
Completed 404 Not Found in 4ms (ActiveRecord: 0.2ms | Allocations: 1110)


  
ActiveRecord::RecordNotFound (Couldn't find Garden with 'id'=test):
  
app/controllers/gardens_controller.rb:68:in `set_garden'
Started GET "/gardens" for 127.0.0.1 at 2020-10-17 11:17:15 -0300
Processing by GardensController#index as HTML
  Rendering gardens/index.html.erb within layouts/application
  [1m[36mGarden Load (0.2ms)[0m  [1m[34mSELECT "gardens".* FROM "gardens"[0m
  ↳ app/views/gardens/index.html.erb:14
  Rendered gardens/index.html.erb within layouts/application (Duration: 2.5ms | Allocations: 1014)
[Webpacker] Everything's up-to-date. Nothing to do
Completed 200 OK in 21ms (Views: 19.7ms | ActiveRecord: 0.2ms | Allocations: 11281)


Started DELETE "/gardens/3" for 127.0.0.1 at 2020-10-17 11:17:21 -0300
Processing by GardensController#destroy as HTML
  Parameters: {"authenticity_token"=>"0iHLZOK64BVgNXkAZF0xYjvNZgegCHOnCV5ylt4yXagZ1mJzENwjt65dxHhDQ7BCn0FKKmuUDJGMLy5pyMIiyA==", "id"=>"3"}
  [1m[36mGarden Load (0.3ms)[0m  [1m[34mSELECT "gardens".* FROM "gardens" WHERE "gardens"."id" = ? LIMIT ?[0m  [["id", 3], ["LIMIT", 1]]
  ↳ app/controllers/gardens_controller.rb:68:in `set_garden'
  [1m[35m (0.1ms)[0m  [1m[36mbegin transaction[0m
  ↳ app/controllers/gardens_controller.rb:58:in `destroy'
  [1m[36mPlant Load (0.1ms)[0m  [1m[34mSELECT "plants".* FROM "plants" WHERE "plants"."garden_id" = ?[0m  [["garden_id", 3]]
  ↳ app/controllers/gardens_controller.rb:58:in `destroy'
  [1m[36mGarden Destroy (1.0ms)[0m  [1m[31mDELETE FROM "gardens" WHERE "gardens"."id" = ?[0m  [["id", 3]]
  ↳ app/controllers/gardens_controller.rb:58:in `destroy'
  [1m[35m (9.6ms)[0m  [1m[36mcommit transaction[0m
  ↳ app/controllers/gardens_controller.rb:58:in `destroy'
Redirected to http://localhost:3000/gardens
Completed 302 Found in 27ms (ActiveRecord: 11.1ms | Allocations: 4649)


Started GET "/gardens" for 127.0.0.1 at 2020-10-17 11:17:21 -0300
Processing by GardensController#index as HTML
  Rendering gardens/index.html.erb within layouts/application
  [1m[36mGarden Load (0.5ms)[0m  [1m[34mSELECT "gardens".* FROM "gardens"[0m
  ↳ app/views/gardens/index.html.erb:14
  Rendered gardens/index.html.erb within layouts/application (Duration: 6.7ms | Allocations: 868)
[Webpacker] Everything's up-to-date. Nothing to do
Completed 200 OK in 30ms (Views: 26.8ms | ActiveRecord: 0.5ms | Allocations: 11101)


Started GET "/gardens/2/edit" for 127.0.0.1 at 2020-10-17 11:17:23 -0300
Processing by GardensController#edit as HTML
  Parameters: {"id"=>"2"}
  [1m[36mGarden Load (0.2ms)[0m  [1m[34mSELECT "gardens".* FROM "gardens" WHERE "gardens"."id" = ? LIMIT ?[0m  [["id", 2], ["LIMIT", 1]]
  ↳ app/controllers/gardens_controller.rb:68:in `set_garden'
  Rendering gardens/edit.html.erb within layouts/application
  Rendered gardens/_form.html.erb (Duration: 16.9ms | Allocations: 5558)
  Rendered gardens/edit.html.erb within layouts/application (Duration: 18.1ms | Allocations: 5813)
[Webpacker] Everything's up-to-date. Nothing to do
Completed 200 OK in 62ms (Views: 57.0ms | ActiveRecord: 0.2ms | Allocations: 16586)


Started GET "/gardens" for 127.0.0.1 at 2020-10-17 11:17:25 -0300
Processing by GardensController#index as HTML
  Rendering gardens/index.html.erb within layouts/application
  [1m[36mGarden Load (0.3ms)[0m  [1m[34mSELECT "gardens".* FROM "gardens"[0m
  ↳ app/views/gardens/index.html.erb:14
  Rendered gardens/index.html.erb within layouts/application (Duration: 5.2ms | Allocations: 876)
[Webpacker] Everything's up-to-date. Nothing to do
Completed 200 OK in 28ms (Views: 25.8ms | ActiveRecord: 0.3ms | Allocations: 11094)


Started GET "/gardens/1" for 127.0.0.1 at 2020-10-17 11:17:28 -0300
Processing by GardensController#show as HTML
  Parameters: {"id"=>"1"}
  [1m[36mGarden Load (0.2ms)[0m  [1m[34mSELECT "gardens".* FROM "gardens" WHERE "gardens"."id" = ? LIMIT ?[0m  [["id", 1], ["LIMIT", 1]]
  ↳ app/controllers/gardens_controller.rb:68:in `set_garden'
  Rendering gardens/show.html.erb within layouts/application
  [1m[36mPlant Load (0.2ms)[0m  [1m[34mSELECT "plants".* FROM "plants" WHERE "plants"."garden_id" = ?[0m  [["garden_id", 1]]
  ↳ app/views/gardens/show.html.erb:11
  [1m[36mTag Load (0.2ms)[0m  [1m[34mSELECT "tags".* FROM "tags" INNER JOIN "plant_tags" ON "tags"."id" = "plant_tags"."tag_id" WHERE "plant_tags"."plant_id" = ?[0m  [["plant_id", 1]]
  ↳ app/views/gardens/show.html.erb:18
  [1m[36mTag Load (0.3ms)[0m  [1m[34mSELECT "tags".* FROM "tags" INNER JOIN "plant_tags" ON "tags"."id" = "plant_tags"."tag_id" WHERE "plant_tags"."plant_id" = ?[0m  [["plant_id", 2]]
  ↳ app/views/gardens/show.html.erb:18
  Rendered gardens/show.html.erb within layouts/application (Duration: 49.1ms | Allocations: 16722)
[Webpacker] Everything's up-to-date. Nothing to do
Completed 200 OK in 74ms (Views: 66.3ms | ActiveRecord: 3.2ms | Allocations: 27385)


Started POST "/gardens/1/plants" for 127.0.0.1 at 2020-10-17 11:17:39 -0300
Processing by PlantsController#create as HTML
  Parameters: {"authenticity_token"=>"i3wFmBfyQXtJwbc2Dyn+RiZH6TbCHl2MldHHYU7BQ/b4bW+m5Vk7SyxLkkewjYfTWaWVtY5KWk99PfKBoWZ0SQ==", "plant"=>{"name"=>"Teste", "image_url"=>""}, "commit"=>"Save your plant", "garden_id"=>"1"}
  [1m[36mGarden Load (0.2ms)[0m  [1m[34mSELECT "gardens".* FROM "gardens" WHERE "gardens"."id" = ? LIMIT ?[0m  [["id", 1], ["LIMIT", 1]]
  ↳ app/controllers/plants_controller.rb:5:in `create'
  Rendering gardens/show.html.erb within layouts/application
  [1m[36mPlant Load (0.2ms)[0m  [1m[34mSELECT "plants".* FROM "plants" WHERE "plants"."garden_id" = ?[0m  [["garden_id", 1]]
  ↳ app/views/gardens/show.html.erb:11
  [1m[36mTag Load (0.2ms)[0m  [1m[34mSELECT "tags".* FROM "tags" INNER JOIN "plant_tags" ON "tags"."id" = "plant_tags"."tag_id" WHERE "plant_tags"."plant_id" = ?[0m  [["plant_id", 1]]
  ↳ app/views/gardens/show.html.erb:18
  [1m[36mTag Load (0.7ms)[0m  [1m[34mSELECT "tags".* FROM "tags" INNER JOIN "plant_tags" ON "tags"."id" = "plant_tags"."tag_id" WHERE "plant_tags"."plant_id" = ?[0m  [["plant_id", 2]]
  ↳ app/views/gardens/show.html.erb:18
  Rendered gardens/show.html.erb within layouts/application (Duration: 32.6ms | Allocations: 8115)
[Webpacker] Everything's up-to-date. Nothing to do
Completed 200 OK in 54ms (Views: 49.2ms | ActiveRecord: 1.2ms | Allocations: 20025)


Started POST "/gardens/1/plants" for 127.0.0.1 at 2020-10-17 11:17:41 -0300
Processing by PlantsController#create as HTML
  Parameters: {"authenticity_token"=>"20mAOSrd5MZG+UzJLjhj99YW9stgV37hnl8xgaoQmFgQviku2LsnZIiR8bEJJuLXcpra5qvLAdcbLm1+vODnOA==", "plant"=>{"name"=>"Teste", "image_url"=>"teste"}, "commit"=>"Save your plant", "garden_id"=>"1"}
  [1m[36mGarden Load (0.2ms)[0m  [1m[34mSELECT "gardens".* FROM "gardens" WHERE "gardens"."id" = ? LIMIT ?[0m  [["id", 1], ["LIMIT", 1]]
  ↳ app/controllers/plants_controller.rb:5:in `create'
  [1m[35m (0.1ms)[0m  [1m[36mbegin transaction[0m
  ↳ app/controllers/plants_controller.rb:7:in `create'
  [1m[36mPlant Create (0.6ms)[0m  [1m[32mINSERT INTO "plants" ("name", "image_url", "garden_id", "created_at", "updated_at") VALUES (?, ?, ?, ?, ?)[0m  [["name", "Teste"], ["image_url", "teste"], ["garden_id", 1], ["created_at", "2020-10-17 14:17:41.684046"], ["updated_at", "2020-10-17 14:17:41.684046"]]
  ↳ app/controllers/plants_controller.rb:7:in `create'
  [1m[35m (8.8ms)[0m  [1m[36mcommit transaction[0m
  ↳ app/controllers/plants_controller.rb:7:in `create'
Redirected to http://localhost:3000/gardens/1
Completed 302 Found in 37ms (ActiveRecord: 9.7ms | Allocations: 4155)


Started GET "/gardens/1" for 127.0.0.1 at 2020-10-17 11:17:41 -0300
Processing by GardensController#show as HTML
  Parameters: {"id"=>"1"}
  [1m[36mGarden Load (0.2ms)[0m  [1m[34mSELECT "gardens".* FROM "gardens" WHERE "gardens"."id" = ? LIMIT ?[0m  [["id", 1], ["LIMIT", 1]]
  ↳ app/controllers/gardens_controller.rb:68:in `set_garden'
  Rendering gardens/show.html.erb within layouts/application
  [1m[36mPlant Load (0.2ms)[0m  [1m[34mSELECT "plants".* FROM "plants" WHERE "plants"."garden_id" = ?[0m  [["garden_id", 1]]
  ↳ app/views/gardens/show.html.erb:11
  [1m[36mTag Load (0.3ms)[0m  [1m[34mSELECT "tags".* FROM "tags" INNER JOIN "plant_tags" ON "tags"."id" = "plant_tags"."tag_id" WHERE "plant_tags"."plant_id" = ?[0m  [["plant_id", 1]]
  ↳ app/views/gardens/show.html.erb:18
  [1m[36mTag Load (0.3ms)[0m  [1m[34mSELECT "tags".* FROM "tags" INNER JOIN "plant_tags" ON "tags"."id" = "plant_tags"."tag_id" WHERE "plant_tags"."plant_id" = ?[0m  [["plant_id", 2]]
  ↳ app/views/gardens/show.html.erb:18
  [1m[36mTag Load (0.8ms)[0m  [1m[34mSELECT "tags".* FROM "tags" INNER JOIN "plant_tags" ON "tags"."id" = "plant_tags"."tag_id" WHERE "plant_tags"."plant_id" = ?[0m  [["plant_id", 4]]
  ↳ app/views/gardens/show.html.erb:18
  Rendered gardens/show.html.erb within layouts/application (Duration: 35.0ms | Allocations: 8930)
[Webpacker] Everything's up-to-date. Nothing to do
Completed 200 OK in 61ms (Views: 56.2ms | ActiveRecord: 1.9ms | Allocations: 19599)


Started GET "/gardens/teste" for 127.0.0.1 at 2020-10-17 11:17:41 -0300
Processing by GardensController#show as HTML
  Parameters: {"id"=>"teste"}
  [1m[36mGarden Load (0.1ms)[0m  [1m[34mSELECT "gardens".* FROM "gardens" WHERE "gardens"."id" = ? LIMIT ?[0m  [["id", nil], ["LIMIT", 1]]
  ↳ app/controllers/gardens_controller.rb:68:in `set_garden'
Completed 404 Not Found in 2ms (ActiveRecord: 0.1ms | Allocations: 1094)


  
ActiveRecord::RecordNotFound (Couldn't find Garden with 'id'=teste):
  
app/controllers/gardens_controller.rb:68:in `set_garden'
Started GET "/plants/4/plant_tags/new" for 127.0.0.1 at 2020-10-17 11:17:44 -0300
Processing by PlantTagsController#new as HTML
  Parameters: {"plant_id"=>"4"}
  [1m[36mPlant Load (0.2ms)[0m  [1m[34mSELECT "plants".* FROM "plants" WHERE "plants"."id" = ? LIMIT ?[0m  [["id", 4], ["LIMIT", 1]]
  ↳ app/controllers/plant_tags_controller.rb:3:in `new'
  Rendering plant_tags/new.html.erb within layouts/application
  [1m[36mTag Load (0.2ms)[0m  [1m[34mSELECT "tags".* FROM "tags"[0m
  ↳ app/views/plant_tags/new.html.erb:7
  Rendered plant_tags/new.html.erb within layouts/application (Duration: 15.0ms | Allocations: 4056)
[Webpacker] Everything's up-to-date. Nothing to do
Completed 200 OK in 67ms (Views: 53.5ms | ActiveRecord: 0.8ms | Allocations: 18069)


Started GET "/plants/2/plant_tags/new" for 127.0.0.1 at 2020-10-17 11:17:55 -0300
Processing by PlantTagsController#new as HTML
  Parameters: {"plant_id"=>"2"}
  [1m[36mPlant Load (0.2ms)[0m  [1m[34mSELECT "plants".* FROM "plants" WHERE "plants"."id" = ? LIMIT ?[0m  [["id", 2], ["LIMIT", 1]]
  ↳ app/controllers/plant_tags_controller.rb:3:in `new'
  Rendering plant_tags/new.html.erb within layouts/application
  [1m[36mTag Load (0.2ms)[0m  [1m[34mSELECT "tags".* FROM "tags"[0m
  ↳ app/views/plant_tags/new.html.erb:7
  Rendered plant_tags/new.html.erb within layouts/application (Duration: 10.7ms | Allocations: 3545)
[Webpacker] Everything's up-to-date. Nothing to do
Completed 200 OK in 31ms (Views: 27.7ms | ActiveRecord: 0.4ms | Allocations: 14189)


Started GET "/plants/2/plant_tags/new" for 127.0.0.1 at 2020-10-17 11:18:17 -0300
  [1m[35m (1.1ms)[0m  [1m[34mSELECT sqlite_version(*)[0m
  [1m[35m (0.5ms)[0m  [1m[34mSELECT "schema_migrations"."version" FROM "schema_migrations" ORDER BY "schema_migrations"."version" ASC[0m
Processing by PlantTagsController#new as HTML
  Parameters: {"plant_id"=>"2"}
  [1m[36mPlant Load (1.3ms)[0m  [1m[34mSELECT "plants".* FROM "plants" WHERE "plants"."id" = ? LIMIT ?[0m  [["id", 2], ["LIMIT", 1]]
  ↳ app/controllers/plant_tags_controller.rb:3:in `new'
  Rendering plant_tags/new.html.erb within layouts/application
  [1m[36mTag Load (0.4ms)[0m  [1m[34mSELECT "tags".* FROM "tags"[0m
  ↳ app/views/plant_tags/new.html.erb:7
  Rendered plant_tags/new.html.erb within layouts/application (Duration: 70.1ms | Allocations: 16234)
[Webpacker] Everything's up-to-date. Nothing to do
Completed 200 OK in 278ms (Views: 207.7ms | ActiveRecord: 8.0ms | Allocations: 69196)


Started GET "/plants/2/plant_tags/new" for 127.0.0.1 at 2020-10-17 11:18:20 -0300
Processing by PlantTagsController#new as HTML
  Parameters: {"plant_id"=>"2"}
  [1m[36mPlant Load (0.2ms)[0m  [1m[34mSELECT "plants".* FROM "plants" WHERE "plants"."id" = ? LIMIT ?[0m  [["id", 2], ["LIMIT", 1]]
  ↳ app/controllers/plant_tags_controller.rb:3:in `new'
  Rendering plant_tags/new.html.erb within layouts/application
  [1m[36mTag Load (0.2ms)[0m  [1m[34mSELECT "tags".* FROM "tags"[0m
  ↳ app/views/plant_tags/new.html.erb:7
  Rendered plant_tags/new.html.erb within layouts/application (Duration: 10.5ms | Allocations: 3531)
[Webpacker] Everything's up-to-date. Nothing to do
Completed 200 OK in 61ms (Views: 55.7ms | ActiveRecord: 0.4ms | Allocations: 14198)


Started POST "/plants/2/plant_tags" for 127.0.0.1 at 2020-10-17 11:18:29 -0300
Processing by PlantTagsController#create as HTML
  Parameters: {"authenticity_token"=>"kMrX1xaWHK7ttVtjSOsG/PTEXfJl2R1D0I2CVHORlhlbPX7A5PDfDCPd5htv9YfcUEhx365FYnVV/N6rZWHpeQ==", "plant_tag"=>{"tag"=>["", "1", "3", "6"]}, "commit"=>"Add tag", "plant_id"=>"2"}
  [1m[36mPlant Load (0.2ms)[0m  [1m[34mSELECT "plants".* FROM "plants" WHERE "plants"."id" = ? LIMIT ?[0m  [["id", 2], ["LIMIT", 1]]
  ↳ app/controllers/plant_tags_controller.rb:9:in `create'
  [1m[36mTag Load (0.4ms)[0m  [1m[34mSELECT "tags".* FROM "tags" WHERE "tags"."id" IN (?, ?, ?, ?)[0m  [["id", nil], ["id", 1], ["id", 3], ["id", 6]]
  ↳ app/controllers/plant_tags_controller.rb:11:in `create'
  [1m[35m (0.3ms)[0m  [1m[36mbegin transaction[0m
  ↳ app/controllers/plant_tags_controller.rb:13:in `block in create'
  [1m[36mPlantTag Create (0.5ms)[0m  [1m[32mINSERT INTO "plant_tags" ("plant_id", "tag_id", "created_at", "updated_at") VALUES (?, ?, ?, ?)[0m  [["plant_id", 2], ["tag_id", 1], ["created_at", "2020-10-17 14:18:29.736068"], ["updated_at", "2020-10-17 14:18:29.736068"]]
  ↳ app/controllers/plant_tags_controller.rb:13:in `block in create'
  [1m[35m (7.8ms)[0m  [1m[36mcommit transaction[0m
  ↳ app/controllers/plant_tags_controller.rb:13:in `block in create'
  [1m[35m (0.2ms)[0m  [1m[36mbegin transaction[0m
  ↳ app/controllers/plant_tags_controller.rb:13:in `block in create'
  [1m[36mPlantTag Create (1.3ms)[0m  [1m[32mINSERT INTO "plant_tags" ("plant_id", "tag_id", "created_at", "updated_at") VALUES (?, ?, ?, ?)[0m  [["plant_id", 2], ["tag_id", 3], ["created_at", "2020-10-17 14:18:29.757488"], ["updated_at", "2020-10-17 14:18:29.757488"]]
  ↳ app/controllers/plant_tags_controller.rb:13:in `block in create'
  [1m[35m (7.4ms)[0m  [1m[36mcommit transaction[0m
  ↳ app/controllers/plant_tags_controller.rb:13:in `block in create'
  [1m[35m (0.2ms)[0m  [1m[36mbegin transaction[0m
  ↳ app/controllers/plant_tags_controller.rb:13:in `block in create'
  [1m[36mPlantTag Create (0.4ms)[0m  [1m[32mINSERT INTO "plant_tags" ("plant_id", "tag_id", "created_at", "updated_at") VALUES (?, ?, ?, ?)[0m  [["plant_id", 2], ["tag_id", 6], ["created_at", "2020-10-17 14:18:29.779458"], ["updated_at", "2020-10-17 14:18:29.779458"]]
  ↳ app/controllers/plant_tags_controller.rb:13:in `block in create'
  [1m[35m (7.4ms)[0m  [1m[36mcommit transaction[0m
  ↳ app/controllers/plant_tags_controller.rb:13:in `block in create'
  [1m[36mGarden Load (0.3ms)[0m  [1m[34mSELECT "gardens".* FROM "gardens" WHERE "gardens"."id" = ? LIMIT ?[0m  [["id", 1], ["LIMIT", 1]]
  ↳ app/controllers/plant_tags_controller.rb:15:in `create'
Redirected to http://localhost:3000/gardens/1
Completed 302 Found in 85ms (ActiveRecord: 27.1ms | Allocations: 17060)


Started GET "/gardens/1" for 127.0.0.1 at 2020-10-17 11:18:29 -0300
Processing by GardensController#show as HTML
  Parameters: {"id"=>"1"}
  [1m[36mGarden Load (0.4ms)[0m  [1m[34mSELECT "gardens".* FROM "gardens" WHERE "gardens"."id" = ? LIMIT ?[0m  [["id", 1], ["LIMIT", 1]]
  ↳ app/controllers/gardens_controller.rb:68:in `set_garden'
  Rendering gardens/show.html.erb within layouts/application
  [1m[36mPlant Load (0.6ms)[0m  [1m[34mSELECT "plants".* FROM "plants" WHERE "plants"."garden_id" = ?[0m  [["garden_id", 1]]
  ↳ app/views/gardens/show.html.erb:11
  [1m[36mTag Load (0.6ms)[0m  [1m[34mSELECT "tags".* FROM "tags" INNER JOIN "plant_tags" ON "tags"."id" = "plant_tags"."tag_id" WHERE "plant_tags"."plant_id" = ?[0m  [["plant_id", 1]]
  ↳ app/views/gardens/show.html.erb:18
  [1m[36mTag Load (0.5ms)[0m  [1m[34mSELECT "tags".* FROM "tags" INNER JOIN "plant_tags" ON "tags"."id" = "plant_tags"."tag_id" WHERE "plant_tags"."plant_id" = ?[0m  [["plant_id", 2]]
  ↳ app/views/gardens/show.html.erb:18
  [1m[36mTag Load (0.1ms)[0m  [1m[34mSELECT "tags".* FROM "tags" INNER JOIN "plant_tags" ON "tags"."id" = "plant_tags"."tag_id" WHERE "plant_tags"."plant_id" = ?[0m  [["plant_id", 4]]
  ↳ app/views/gardens/show.html.erb:18
  Rendered gardens/show.html.erb within layouts/application (Duration: 51.0ms | Allocations: 14272)
[Webpacker] Everything's up-to-date. Nothing to do
Completed 200 OK in 79ms (Views: 69.5ms | ActiveRecord: 2.2ms | Allocations: 25470)


Started GET "/gardens/teste" for 127.0.0.1 at 2020-10-17 11:18:30 -0300
Processing by GardensController#show as HTML
  Parameters: {"id"=>"teste"}
  [1m[36mGarden Load (0.2ms)[0m  [1m[34mSELECT "gardens".* FROM "gardens" WHERE "gardens"."id" = ? LIMIT ?[0m  [["id", nil], ["LIMIT", 1]]
  ↳ app/controllers/gardens_controller.rb:68:in `set_garden'
Completed 404 Not Found in 2ms (ActiveRecord: 0.2ms | Allocations: 1101)


  
ActiveRecord::RecordNotFound (Couldn't find Garden with 'id'=teste):
  
app/controllers/gardens_controller.rb:68:in `set_garden'
Started GET "/plants/2/plant_tags/new" for 127.0.0.1 at 2020-10-17 11:18:32 -0300
Processing by PlantTagsController#new as HTML
  Parameters: {"plant_id"=>"2"}
  [1m[36mPlant Load (0.1ms)[0m  [1m[34mSELECT "plants".* FROM "plants" WHERE "plants"."id" = ? LIMIT ?[0m  [["id", 2], ["LIMIT", 1]]
  ↳ app/controllers/plant_tags_controller.rb:3:in `new'
  Rendering plant_tags/new.html.erb within layouts/application
  [1m[36mTag Load (0.4ms)[0m  [1m[34mSELECT "tags".* FROM "tags"[0m
  ↳ app/views/plant_tags/new.html.erb:7
  Rendered plant_tags/new.html.erb within layouts/application (Duration: 26.4ms | Allocations: 3587)
[Webpacker] Everything's up-to-date. Nothing to do
Completed 200 OK in 79ms (Views: 54.8ms | ActiveRecord: 0.5ms | Allocations: 14332)


Started GET "/plants/2/plant_tags/new" for 127.0.0.1 at 2020-10-17 11:18:35 -0300
Processing by PlantTagsController#new as HTML
  Parameters: {"plant_id"=>"2"}
  [1m[36mPlant Load (0.1ms)[0m  [1m[34mSELECT "plants".* FROM "plants" WHERE "plants"."id" = ? LIMIT ?[0m  [["id", 2], ["LIMIT", 1]]
  ↳ app/controllers/plant_tags_controller.rb:3:in `new'
  Rendering plant_tags/new.html.erb within layouts/application
  [1m[36mTag Load (0.5ms)[0m  [1m[34mSELECT "tags".* FROM "tags"[0m
  ↳ app/views/plant_tags/new.html.erb:7
  Rendered plant_tags/new.html.erb within layouts/application (Duration: 12.2ms | Allocations: 3537)
[Webpacker] Everything's up-to-date. Nothing to do
Completed 200 OK in 30ms (Views: 28.2ms | ActiveRecord: 0.6ms | Allocations: 14178)


Started POST "/plants/2/plant_tags" for 127.0.0.1 at 2020-10-17 11:18:46 -0300
Processing by PlantTagsController#create as HTML
  Parameters: {"authenticity_token"=>"kJ7tTeYTUXy5vw2skVlr9bs489fTlsmycB9DEBkzJGVbaURaFHWS3nfXsNS2R+rVH7Tf+hgKtoT1bh/vD8NbBQ==", "plant_tag"=>{"tag"=>["", "1", "2", "3", "4", "5", "6"]}, "commit"=>"Add tag", "plant_id"=>"2"}
  [1m[36mPlant Load (0.2ms)[0m  [1m[34mSELECT "plants".* FROM "plants" WHERE "plants"."id" = ? LIMIT ?[0m  [["id", 2], ["LIMIT", 1]]
  ↳ app/controllers/plant_tags_controller.rb:9:in `create'
  [1m[36mTag Load (0.4ms)[0m  [1m[34mSELECT "tags".* FROM "tags" WHERE "tags"."id" IN (?, ?, ?, ?, ?, ?, ?)[0m  [["id", nil], ["id", 1], ["id", 2], ["id", 3], ["id", 4], ["id", 5], ["id", 6]]
  ↳ app/controllers/plant_tags_controller.rb:11:in `create'
  [1m[35m (0.1ms)[0m  [1m[36mbegin transaction[0m
  ↳ app/controllers/plant_tags_controller.rb:13:in `block in create'
  [1m[36mPlantTag Create (0.5ms)[0m  [1m[32mINSERT INTO "plant_tags" ("plant_id", "tag_id", "created_at", "updated_at") VALUES (?, ?, ?, ?)[0m  [["plant_id", 2], ["tag_id", 1], ["created_at", "2020-10-17 14:18:46.399618"], ["updated_at", "2020-10-17 14:18:46.399618"]]
  ↳ app/controllers/plant_tags_controller.rb:13:in `block in create'
  [1m[35m (9.4ms)[0m  [1m[36mcommit transaction[0m
  ↳ app/controllers/plant_tags_controller.rb:13:in `block in create'
  [1m[35m (0.1ms)[0m  [1m[36mbegin transaction[0m
  ↳ app/controllers/plant_tags_controller.rb:13:in `block in create'
  [1m[36mPlantTag Create (0.5ms)[0m  [1m[32mINSERT INTO "plant_tags" ("plant_id", "tag_id", "created_at", "updated_at") VALUES (?, ?, ?, ?)[0m  [["plant_id", 2], ["tag_id", 2], ["created_at", "2020-10-17 14:18:46.418621"], ["updated_at", "2020-10-17 14:18:46.418621"]]
  ↳ app/controllers/plant_tags_controller.rb:13:in `block in create'
  [1m[35m (8.2ms)[0m  [1m[36mcommit transaction[0m
  ↳ app/controllers/plant_tags_controller.rb:13:in `block in create'
  [1m[35m (0.1ms)[0m  [1m[36mbegin transaction[0m
  ↳ app/controllers/plant_tags_controller.rb:13:in `block in create'
  [1m[36mPlantTag Create (1.5ms)[0m  [1m[32mINSERT INTO "plant_tags" ("plant_id", "tag_id", "created_at", "updated_at") VALUES (?, ?, ?, ?)[0m  [["plant_id", 2], ["tag_id", 3], ["created_at", "2020-10-17 14:18:46.439562"], ["updated_at", "2020-10-17 14:18:46.439562"]]
  ↳ app/controllers/plant_tags_controller.rb:13:in `block in create'
  [1m[35m (7.6ms)[0m  [1m[36mcommit transaction[0m
  ↳ app/controllers/plant_tags_controller.rb:13:in `block in create'
  [1m[35m (0.1ms)[0m  [1m[36mbegin transaction[0m
  ↳ app/controllers/plant_tags_controller.rb:13:in `block in create'
  [1m[36mPlantTag Create (0.4ms)[0m  [1m[32mINSERT INTO "plant_tags" ("plant_id", "tag_id", "created_at", "updated_at") VALUES (?, ?, ?, ?)[0m  [["plant_id", 2], ["tag_id", 4], ["created_at", "2020-10-17 14:18:46.458141"], ["updated_at", "2020-10-17 14:18:46.458141"]]
  ↳ app/controllers/plant_tags_controller.rb:13:in `block in create'
  [1m[35m (12.2ms)[0m  [1m[36mcommit transaction[0m
  ↳ app/controllers/plant_tags_controller.rb:13:in `block in create'
  [1m[35m (0.2ms)[0m  [1m[36mbegin transaction[0m
  ↳ app/controllers/plant_tags_controller.rb:13:in `block in create'
  [1m[36mPlantTag Create (0.6ms)[0m  [1m[32mINSERT INTO "plant_tags" ("plant_id", "tag_id", "created_at", "updated_at") VALUES (?, ?, ?, ?)[0m  [["plant_id", 2], ["tag_id", 5], ["created_at", "2020-10-17 14:18:46.479527"], ["updated_at", "2020-10-17 14:18:46.479527"]]
  ↳ app/controllers/plant_tags_controller.rb:13:in `block in create'
  [1m[35m (8.1ms)[0m  [1m[36mcommit transaction[0m
  ↳ app/controllers/plant_tags_controller.rb:13:in `block in create'
  [1m[35m (0.1ms)[0m  [1m[36mbegin transaction[0m
  ↳ app/controllers/plant_tags_controller.rb:13:in `block in create'
  [1m[36mPlantTag Create (1.7ms)[0m  [1m[32mINSERT INTO "plant_tags" ("plant_id", "tag_id", "created_at", "updated_at") VALUES (?, ?, ?, ?)[0m  [["plant_id", 2], ["tag_id", 6], ["created_at", "2020-10-17 14:18:46.496375"], ["updated_at", "2020-10-17 14:18:46.496375"]]
  ↳ app/controllers/plant_tags_controller.rb:13:in `block in create'
  [1m[35m (7.9ms)[0m  [1m[36mcommit transaction[0m
  ↳ app/controllers/plant_tags_controller.rb:13:in `block in create'
  [1m[36mGarden Load (0.2ms)[0m  [1m[34mSELECT "gardens".* FROM "gardens" WHERE "gardens"."id" = ? LIMIT ?[0m  [["id", 1], ["LIMIT", 1]]
  ↳ app/controllers/plant_tags_controller.rb:15:in `create'
Redirected to http://localhost:3000/gardens/1
Completed 302 Found in 125ms (ActiveRecord: 60.1ms | Allocations: 21702)


Started GET "/gardens/1" for 127.0.0.1 at 2020-10-17 11:18:46 -0300
Processing by GardensController#show as HTML
  Parameters: {"id"=>"1"}
  [1m[36mGarden Load (0.4ms)[0m  [1m[34mSELECT "gardens".* FROM "gardens" WHERE "gardens"."id" = ? LIMIT ?[0m  [["id", 1], ["LIMIT", 1]]
  ↳ app/controllers/gardens_controller.rb:68:in `set_garden'
  Rendering gardens/show.html.erb within layouts/application
  [1m[36mPlant Load (0.6ms)[0m  [1m[34mSELECT "plants".* FROM "plants" WHERE "plants"."garden_id" = ?[0m  [["garden_id", 1]]
  ↳ app/views/gardens/show.html.erb:11
  [1m[36mTag Load (0.2ms)[0m  [1m[34mSELECT "tags".* FROM "tags" INNER JOIN "plant_tags" ON "tags"."id" = "plant_tags"."tag_id" WHERE "plant_tags"."plant_id" = ?[0m  [["plant_id", 1]]
  ↳ app/views/gardens/show.html.erb:18
  [1m[36mTag Load (0.3ms)[0m  [1m[34mSELECT "tags".* FROM "tags" INNER JOIN "plant_tags" ON "tags"."id" = "plant_tags"."tag_id" WHERE "plant_tags"."plant_id" = ?[0m  [["plant_id", 2]]
  ↳ app/views/gardens/show.html.erb:18
  [1m[36mTag Load (0.2ms)[0m  [1m[34mSELECT "tags".* FROM "tags" INNER JOIN "plant_tags" ON "tags"."id" = "plant_tags"."tag_id" WHERE "plant_tags"."plant_id" = ?[0m  [["plant_id", 4]]
  ↳ app/views/gardens/show.html.erb:18
  Rendered gardens/show.html.erb within layouts/application (Duration: 34.4ms | Allocations: 9042)
[Webpacker] Everything's up-to-date. Nothing to do
Completed 200 OK in 62ms (Views: 55.4ms | ActiveRecord: 1.7ms | Allocations: 19694)


Started GET "/gardens/teste" for 127.0.0.1 at 2020-10-17 11:18:46 -0300
Processing by GardensController#show as HTML
  Parameters: {"id"=>"teste"}
  [1m[36mGarden Load (0.2ms)[0m  [1m[34mSELECT "gardens".* FROM "gardens" WHERE "gardens"."id" = ? LIMIT ?[0m  [["id", nil], ["LIMIT", 1]]
  ↳ app/controllers/gardens_controller.rb:68:in `set_garden'
Completed 404 Not Found in 18ms (ActiveRecord: 0.2ms | Allocations: 1096)


  
ActiveRecord::RecordNotFound (Couldn't find Garden with 'id'=teste):
  
app/controllers/gardens_controller.rb:68:in `set_garden'
Started DELETE "/plants/2" for 127.0.0.1 at 2020-10-17 11:18:52 -0300
Processing by PlantsController#destroy as HTML
  Parameters: {"authenticity_token"=>"AfDeu6srhdWXmI91XrnouxarAG12+zKy6KAly3uD2f7KB3esWU1Gd1nwMg15p2mbsicsQL1nTYRt0Xk0bXOmng==", "id"=>"2"}
  [1m[36mPlant Load (0.2ms)[0m  [1m[34mSELECT "plants".* FROM "plants" WHERE "plants"."id" = ? LIMIT ?[0m  [["id", 2], ["LIMIT", 1]]
  ↳ app/controllers/plants_controller.rb:15:in `destroy'
  [1m[35m (0.1ms)[0m  [1m[36mbegin transaction[0m
  ↳ app/controllers/plants_controller.rb:16:in `destroy'
  [1m[36mPlantTag Load (0.3ms)[0m  [1m[34mSELECT "plant_tags".* FROM "plant_tags" WHERE "plant_tags"."plant_id" = ?[0m  [["plant_id", 2]]
  ↳ app/controllers/plants_controller.rb:16:in `destroy'
  [1m[36mPlantTag Destroy (0.7ms)[0m  [1m[31mDELETE FROM "plant_tags" WHERE "plant_tags"."id" = ?[0m  [["id", 5]]
  ↳ app/controllers/plants_controller.rb:16:in `destroy'
  [1m[36mPlantTag Destroy (0.3ms)[0m  [1m[31mDELETE FROM "plant_tags" WHERE "plant_tags"."id" = ?[0m  [["id", 6]]
  ↳ app/controllers/plants_controller.rb:16:in `destroy'
  [1m[36mPlantTag Destroy (0.2ms)[0m  [1m[31mDELETE FROM "plant_tags" WHERE "plant_tags"."id" = ?[0m  [["id", 7]]
  ↳ app/controllers/plants_controller.rb:16:in `destroy'
  [1m[36mPlantTag Destroy (0.5ms)[0m  [1m[31mDELETE FROM "plant_tags" WHERE "plant_tags"."id" = ?[0m  [["id", 8]]
  ↳ app/controllers/plants_controller.rb:16:in `destroy'
  [1m[36mPlantTag Destroy (0.2ms)[0m  [1m[31mDELETE FROM "plant_tags" WHERE "plant_tags"."id" = ?[0m  [["id", 9]]
  ↳ app/controllers/plants_controller.rb:16:in `destroy'
  [1m[36mPlantTag Destroy (0.1ms)[0m  [1m[31mDELETE FROM "plant_tags" WHERE "plant_tags"."id" = ?[0m  [["id", 10]]
  ↳ app/controllers/plants_controller.rb:16:in `destroy'
  [1m[36mPlantTag Destroy (0.2ms)[0m  [1m[31mDELETE FROM "plant_tags" WHERE "plant_tags"."id" = ?[0m  [["id", 11]]
  ↳ app/controllers/plants_controller.rb:16:in `destroy'
  [1m[36mPlantTag Destroy (0.2ms)[0m  [1m[31mDELETE FROM "plant_tags" WHERE "plant_tags"."id" = ?[0m  [["id", 12]]
  ↳ app/controllers/plants_controller.rb:16:in `destroy'
  [1m[36mPlantTag Destroy (0.4ms)[0m  [1m[31mDELETE FROM "plant_tags" WHERE "plant_tags"."id" = ?[0m  [["id", 13]]
  ↳ app/controllers/plants_controller.rb:16:in `destroy'
  [1m[36mPlantTag Destroy (0.4ms)[0m  [1m[31mDELETE FROM "plant_tags" WHERE "plant_tags"."id" = ?[0m  [["id", 14]]
  ↳ app/controllers/plants_controller.rb:16:in `destroy'
  [1m[36mPlantTag Destroy (0.2ms)[0m  [1m[31mDELETE FROM "plant_tags" WHERE "plant_tags"."id" = ?[0m  [["id", 15]]
  ↳ app/controllers/plants_controller.rb:16:in `destroy'
  [1m[36mPlantTag Destroy (0.2ms)[0m  [1m[31mDELETE FROM "plant_tags" WHERE "plant_tags"."id" = ?[0m  [["id", 16]]
  ↳ app/controllers/plants_controller.rb:16:in `destroy'
  [1m[36mPlant Destroy (0.3ms)[0m  [1m[31mDELETE FROM "plants" WHERE "plants"."id" = ?[0m  [["id", 2]]
  ↳ app/controllers/plants_controller.rb:16:in `destroy'
  [1m[35m (8.7ms)[0m  [1m[36mcommit transaction[0m
  ↳ app/controllers/plants_controller.rb:16:in `destroy'
  [1m[36mGarden Load (0.2ms)[0m  [1m[34mSELECT "gardens".* FROM "gardens" WHERE "gardens"."id" = ? LIMIT ?[0m  [["id", 1], ["LIMIT", 1]]
  ↳ app/controllers/plants_controller.rb:17:in `destroy'
Redirected to http://localhost:3000/gardens/1
Completed 302 Found in 66ms (ActiveRecord: 13.3ms | Allocations: 16586)


Started GET "/gardens/1" for 127.0.0.1 at 2020-10-17 11:18:52 -0300
Processing by GardensController#show as HTML
  Parameters: {"id"=>"1"}
  [1m[36mGarden Load (0.2ms)[0m  [1m[34mSELECT "gardens".* FROM "gardens" WHERE "gardens"."id" = ? LIMIT ?[0m  [["id", 1], ["LIMIT", 1]]
  ↳ app/controllers/gardens_controller.rb:68:in `set_garden'
  Rendering gardens/show.html.erb within layouts/application
  [1m[36mPlant Load (0.9ms)[0m  [1m[34mSELECT "plants".* FROM "plants" WHERE "plants"."garden_id" = ?[0m  [["garden_id", 1]]
  ↳ app/views/gardens/show.html.erb:11
  [1m[36mTag Load (0.3ms)[0m  [1m[34mSELECT "tags".* FROM "tags" INNER JOIN "plant_tags" ON "tags"."id" = "plant_tags"."tag_id" WHERE "plant_tags"."plant_id" = ?[0m  [["plant_id", 1]]
  ↳ app/views/gardens/show.html.erb:18
  [1m[36mTag Load (0.1ms)[0m  [1m[34mSELECT "tags".* FROM "tags" INNER JOIN "plant_tags" ON "tags"."id" = "plant_tags"."tag_id" WHERE "plant_tags"."plant_id" = ?[0m  [["plant_id", 4]]
  ↳ app/views/gardens/show.html.erb:18
  Rendered gardens/show.html.erb within layouts/application (Duration: 37.8ms | Allocations: 7909)
[Webpacker] Everything's up-to-date. Nothing to do
Completed 200 OK in 59ms (Views: 54.6ms | ActiveRecord: 1.5ms | Allocations: 18711)


Started GET "/gardens/teste" for 127.0.0.1 at 2020-10-17 11:18:52 -0300
Processing by GardensController#show as HTML
  Parameters: {"id"=>"teste"}
  [1m[36mGarden Load (0.2ms)[0m  [1m[34mSELECT "gardens".* FROM "gardens" WHERE "gardens"."id" = ? LIMIT ?[0m  [["id", nil], ["LIMIT", 1]]
  ↳ app/controllers/gardens_controller.rb:68:in `set_garden'
Completed 404 Not Found in 2ms (ActiveRecord: 0.2ms | Allocations: 1083)


  
ActiveRecord::RecordNotFound (Couldn't find Garden with 'id'=teste):
  
app/controllers/gardens_controller.rb:68:in `set_garden'
